### Hyperparameters used ###
target_resolution = (480, 640)

resize_and_crop = torchvision.transforms.Compose([torchvision.transforms.Resize((720, 960)),
					torchvision.transforms.RandomCrop(target_resolution)])

transform_train = torchvision.transforms.Compose([torchvision.transforms.RandomChoice([torchvision.transforms.Resize(target_resolution), resize_and_crop]),
					transforms.RandomHorizontalFlip(),
					torchvision.transforms.RandomRotation((-15,15), resample=False, expand=False, center=None),
					torchvision.transforms.ToTensor(),
					transforms.Normalize((0.5, 0.5, 0.5), (0.5, 0.5, 0.5))])

batch_size = 16 # Minibatch size
num_epochs = 100
learning_rate = 1e-4
num_classes = 10
number_of_different_splits = 3


### Output ###
PyTorch Version:  1.0.1.post2
Torchvision Version:  0.2.1
Running on device: cuda:0
torch.cuda.current_device(): 0
torch.cuda.device(0): <torch.cuda.device object at 0x7fd1465ff208>
torch.cuda.device_count(): 1
torch.cuda.get_device_name(0): GeForce GTX 1080 Ti
Creating new dataset with seed: 1337 at: datasets/Tobacco_test/0/
Removed dir datasets/Tobacco_test/0/test
Removed dir datasets/Tobacco_test/0/train
Removed dir datasets/Tobacco_test/0/val
Tobacco random state: 1337
Done copying train to datasets/Tobacco_test/0/
Done copying val to datasets/Tobacco_test/0/
Done copying test to datasets/Tobacco_test/0/
Initializing Datasets and Dataloaders...
Loading dataset from path datasets/Tobacco_test/0/
ResNet(
  (conv1): Conv2d(3, 64, kernel_size=(7, 7), stride=(2, 2), padding=(3, 3), bias=False)
  (bn1): BatchNorm2d(64, eps=1e-05, momentum=0.1, affine=True, track_running_stats=True)
  (relu): ReLU(inplace)
  (maxpool): MaxPool2d(kernel_size=3, stride=2, padding=1, dilation=1, ceil_mode=False)
  (layer1): Sequential(
    (0): BasicBlock(
      (conv1): Conv2d(64, 64, kernel_size=(3, 3), stride=(1, 1), padding=(1, 1), bias=False)
      (bn1): BatchNorm2d(64, eps=1e-05, momentum=0.1, affine=True, track_running_stats=True)
      (relu): ReLU(inplace)
      (conv2): Conv2d(64, 64, kernel_size=(3, 3), stride=(1, 1), padding=(1, 1), bias=False)
      (bn2): BatchNorm2d(64, eps=1e-05, momentum=0.1, affine=True, track_running_stats=True)
    )
    (1): BasicBlock(
      (conv1): Conv2d(64, 64, kernel_size=(3, 3), stride=(1, 1), padding=(1, 1), bias=False)
      (bn1): BatchNorm2d(64, eps=1e-05, momentum=0.1, affine=True, track_running_stats=True)
      (relu): ReLU(inplace)
      (conv2): Conv2d(64, 64, kernel_size=(3, 3), stride=(1, 1), padding=(1, 1), bias=False)
      (bn2): BatchNorm2d(64, eps=1e-05, momentum=0.1, affine=True, track_running_stats=True)
    )
  )
  (layer2): Sequential(
    (0): BasicBlock(
      (conv1): Conv2d(64, 128, kernel_size=(3, 3), stride=(2, 2), padding=(1, 1), bias=False)
      (bn1): BatchNorm2d(128, eps=1e-05, momentum=0.1, affine=True, track_running_stats=True)
      (relu): ReLU(inplace)
      (conv2): Conv2d(128, 128, kernel_size=(3, 3), stride=(1, 1), padding=(1, 1), bias=False)
      (bn2): BatchNorm2d(128, eps=1e-05, momentum=0.1, affine=True, track_running_stats=True)
      (downsample): Sequential(
        (0): Conv2d(64, 128, kernel_size=(1, 1), stride=(2, 2), bias=False)
        (1): BatchNorm2d(128, eps=1e-05, momentum=0.1, affine=True, track_running_stats=True)
      )
    )
    (1): BasicBlock(
      (conv1): Conv2d(128, 128, kernel_size=(3, 3), stride=(1, 1), padding=(1, 1), bias=False)
      (bn1): BatchNorm2d(128, eps=1e-05, momentum=0.1, affine=True, track_running_stats=True)
      (relu): ReLU(inplace)
      (conv2): Conv2d(128, 128, kernel_size=(3, 3), stride=(1, 1), padding=(1, 1), bias=False)
      (bn2): BatchNorm2d(128, eps=1e-05, momentum=0.1, affine=True, track_running_stats=True)
    )
  )
  (layer3): Sequential(
    (0): BasicBlock(
      (conv1): Conv2d(128, 256, kernel_size=(3, 3), stride=(2, 2), padding=(1, 1), bias=False)
      (bn1): BatchNorm2d(256, eps=1e-05, momentum=0.1, affine=True, track_running_stats=True)
      (relu): ReLU(inplace)
      (conv2): Conv2d(256, 256, kernel_size=(3, 3), stride=(1, 1), padding=(1, 1), bias=False)
      (bn2): BatchNorm2d(256, eps=1e-05, momentum=0.1, affine=True, track_running_stats=True)
      (downsample): Sequential(
        (0): Conv2d(128, 256, kernel_size=(1, 1), stride=(2, 2), bias=False)
        (1): BatchNorm2d(256, eps=1e-05, momentum=0.1, affine=True, track_running_stats=True)
      )
    )
    (1): BasicBlock(
      (conv1): Conv2d(256, 256, kernel_size=(3, 3), stride=(1, 1), padding=(1, 1), bias=False)
      (bn1): BatchNorm2d(256, eps=1e-05, momentum=0.1, affine=True, track_running_stats=True)
      (relu): ReLU(inplace)
      (conv2): Conv2d(256, 256, kernel_size=(3, 3), stride=(1, 1), padding=(1, 1), bias=False)
      (bn2): BatchNorm2d(256, eps=1e-05, momentum=0.1, affine=True, track_running_stats=True)
    )
  )
  (layer4): Sequential(
    (0): BasicBlock(
      (conv1): Conv2d(256, 512, kernel_size=(3, 3), stride=(2, 2), padding=(1, 1), bias=False)
      (bn1): BatchNorm2d(512, eps=1e-05, momentum=0.1, affine=True, track_running_stats=True)
      (relu): ReLU(inplace)
      (conv2): Conv2d(512, 512, kernel_size=(3, 3), stride=(1, 1), padding=(1, 1), bias=False)
      (bn2): BatchNorm2d(512, eps=1e-05, momentum=0.1, affine=True, track_running_stats=True)
      (downsample): Sequential(
        (0): Conv2d(256, 512, kernel_size=(1, 1), stride=(2, 2), bias=False)
        (1): BatchNorm2d(512, eps=1e-05, momentum=0.1, affine=True, track_running_stats=True)
      )
    )
    (1): BasicBlock(
      (conv1): Conv2d(512, 512, kernel_size=(3, 3), stride=(1, 1), padding=(1, 1), bias=False)
      (bn1): BatchNorm2d(512, eps=1e-05, momentum=0.1, affine=True, track_running_stats=True)
      (relu): ReLU(inplace)
      (conv2): Conv2d(512, 512, kernel_size=(3, 3), stride=(1, 1), padding=(1, 1), bias=False)
      (bn2): BatchNorm2d(512, eps=1e-05, momentum=0.1, affine=True, track_running_stats=True)
    )
  )
  (avgpool): AvgPool2d(kernel_size=7, stride=1, padding=0)
  (fc): Sequential(
    (0): Dropout(p=0.1)
    (1): Linear(in_features=64512, out_features=4096, bias=True)
    (2): ReLU()
    (3): Dropout(p=0.1)
    (4): Linear(in_features=4096, out_features=10, bias=True)
  )
)
Params to learn:
	 conv1.weight
	 bn1.weight
	 bn1.bias
	 layer1.0.conv1.weight
	 layer1.0.bn1.weight
	 layer1.0.bn1.bias
	 layer1.0.conv2.weight
	 layer1.0.bn2.weight
	 layer1.0.bn2.bias
	 layer1.1.conv1.weight
	 layer1.1.bn1.weight
	 layer1.1.bn1.bias
	 layer1.1.conv2.weight
	 layer1.1.bn2.weight
	 layer1.1.bn2.bias
	 layer2.0.conv1.weight
	 layer2.0.bn1.weight
	 layer2.0.bn1.bias
	 layer2.0.conv2.weight
	 layer2.0.bn2.weight
	 layer2.0.bn2.bias
	 layer2.0.downsample.0.weight
	 layer2.0.downsample.1.weight
	 layer2.0.downsample.1.bias
	 layer2.1.conv1.weight
	 layer2.1.bn1.weight
	 layer2.1.bn1.bias
	 layer2.1.conv2.weight
	 layer2.1.bn2.weight
	 layer2.1.bn2.bias
	 layer3.0.conv1.weight
	 layer3.0.bn1.weight
	 layer3.0.bn1.bias
	 layer3.0.conv2.weight
	 layer3.0.bn2.weight
	 layer3.0.bn2.bias
	 layer3.0.downsample.0.weight
	 layer3.0.downsample.1.weight
	 layer3.0.downsample.1.bias
	 layer3.1.conv1.weight
	 layer3.1.bn1.weight
	 layer3.1.bn1.bias
	 layer3.1.conv2.weight
	 layer3.1.bn2.weight
	 layer3.1.bn2.bias
	 layer4.0.conv1.weight
	 layer4.0.bn1.weight
	 layer4.0.bn1.bias
	 layer4.0.conv2.weight
	 layer4.0.bn2.weight
	 layer4.0.bn2.bias
	 layer4.0.downsample.0.weight
	 layer4.0.downsample.1.weight
	 layer4.0.downsample.1.bias
	 layer4.1.conv1.weight
	 layer4.1.bn1.weight
	 layer4.1.bn1.bias
	 layer4.1.conv2.weight
	 layer4.1.bn2.weight
	 layer4.1.bn2.bias
	 fc.1.weight
	 fc.1.bias
	 fc.4.weight
	 fc.4.bias
Training on device: cuda:0
Epoch 0/99 [Duration: 0m 0s] [Run: 1/3]
----------
train Loss: 5.6875 Acc: 0.3250
val Loss: 1.3862 Acc: 0.5100
Best val Acc: 0.510000 in Epoch: 0

Epoch 1/99 [Duration: 0m 17s] [Run: 1/3]
----------
train Loss: 1.3929 Acc: 0.5425
val Loss: 1.1771 Acc: 0.5950
Best val Acc: 0.595000 in Epoch: 1

Epoch 2/99 [Duration: 0m 35s] [Run: 1/3]
----------
train Loss: 1.2936 Acc: 0.5713
val Loss: 1.2370 Acc: 0.6000
Best val Acc: 0.600000 in Epoch: 2

Epoch 3/99 [Duration: 0m 52s] [Run: 1/3]
----------
train Loss: 1.0613 Acc: 0.6550
val Loss: 0.9737 Acc: 0.6600
Best val Acc: 0.660000 in Epoch: 3

Epoch 4/99 [Duration: 1m 9s] [Run: 1/3]
----------
train Loss: 0.9609 Acc: 0.6650
val Loss: 0.9399 Acc: 0.6850
Best val Acc: 0.685000 in Epoch: 4

Epoch 5/99 [Duration: 1m 27s] [Run: 1/3]
----------
train Loss: 0.8234 Acc: 0.7250
val Loss: 0.9599 Acc: 0.6750
Best val Acc: 0.685000 in Epoch: 4

Epoch 6/99 [Duration: 1m 44s] [Run: 1/3]
----------
train Loss: 0.7518 Acc: 0.7325
val Loss: 0.8939 Acc: 0.6950
Best val Acc: 0.695000 in Epoch: 6

Epoch 7/99 [Duration: 2m 1s] [Run: 1/3]
----------
train Loss: 0.7676 Acc: 0.7238
val Loss: 0.9809 Acc: 0.6450
Best val Acc: 0.695000 in Epoch: 6

Epoch 8/99 [Duration: 2m 18s] [Run: 1/3]
----------
train Loss: 0.6687 Acc: 0.7700
val Loss: 1.2040 Acc: 0.6900
Best val Acc: 0.695000 in Epoch: 6

Epoch 9/99 [Duration: 2m 36s] [Run: 1/3]
----------
train Loss: 0.5720 Acc: 0.8013
val Loss: 1.0748 Acc: 0.7250
Best val Acc: 0.725000 in Epoch: 9

Epoch 10/99 [Duration: 2m 53s] [Run: 1/3]
----------
train Loss: 0.5729 Acc: 0.8050
val Loss: 0.9303 Acc: 0.7600
Best val Acc: 0.760000 in Epoch: 10

Epoch 11/99 [Duration: 3m 11s] [Run: 1/3]
----------
train Loss: 0.5712 Acc: 0.8050
val Loss: 0.9929 Acc: 0.7200
Best val Acc: 0.760000 in Epoch: 10

Epoch 12/99 [Duration: 3m 28s] [Run: 1/3]
----------
train Loss: 0.4899 Acc: 0.8263
val Loss: 1.0830 Acc: 0.6800
Best val Acc: 0.760000 in Epoch: 10

Epoch 13/99 [Duration: 3m 45s] [Run: 1/3]
----------
train Loss: 0.5074 Acc: 0.8363
val Loss: 1.2864 Acc: 0.6950
Best val Acc: 0.760000 in Epoch: 10

Epoch 14/99 [Duration: 4m 3s] [Run: 1/3]
----------
train Loss: 0.4690 Acc: 0.8463
val Loss: 0.9665 Acc: 0.7200
Best val Acc: 0.760000 in Epoch: 10

Epoch 15/99 [Duration: 4m 20s] [Run: 1/3]
----------
train Loss: 0.4928 Acc: 0.8275
val Loss: 1.0229 Acc: 0.7100
Best val Acc: 0.760000 in Epoch: 10

Epoch 16/99 [Duration: 4m 37s] [Run: 1/3]
----------
train Loss: 0.4221 Acc: 0.8463
val Loss: 1.0846 Acc: 0.6850
Best val Acc: 0.760000 in Epoch: 10

Epoch 17/99 [Duration: 4m 55s] [Run: 1/3]
----------
train Loss: 0.3925 Acc: 0.8675
val Loss: 1.1251 Acc: 0.7450
Best val Acc: 0.760000 in Epoch: 10

Epoch 18/99 [Duration: 5m 12s] [Run: 1/3]
----------
train Loss: 0.3436 Acc: 0.8912
val Loss: 1.1256 Acc: 0.7500
Best val Acc: 0.760000 in Epoch: 10

Epoch 19/99 [Duration: 5m 29s] [Run: 1/3]
----------
train Loss: 0.3900 Acc: 0.8538
val Loss: 1.2236 Acc: 0.7200
Best val Acc: 0.760000 in Epoch: 10

Epoch 20/99 [Duration: 5m 47s] [Run: 1/3]
----------
train Loss: 0.3077 Acc: 0.9025
val Loss: 1.2805 Acc: 0.7350
Best val Acc: 0.760000 in Epoch: 10

Epoch 21/99 [Duration: 6m 4s] [Run: 1/3]
----------
train Loss: 0.2644 Acc: 0.9075
val Loss: 1.1622 Acc: 0.7700
Best val Acc: 0.770000 in Epoch: 21

Epoch 22/99 [Duration: 6m 22s] [Run: 1/3]
----------
train Loss: 0.2513 Acc: 0.9062
val Loss: 1.4147 Acc: 0.7250
Best val Acc: 0.770000 in Epoch: 21

Epoch 23/99 [Duration: 6m 39s] [Run: 1/3]
----------
train Loss: 0.3968 Acc: 0.8700
val Loss: 1.1858 Acc: 0.7600
Best val Acc: 0.770000 in Epoch: 21

Epoch 24/99 [Duration: 6m 57s] [Run: 1/3]
----------
train Loss: 0.2743 Acc: 0.9138
val Loss: 1.1167 Acc: 0.7450
Best val Acc: 0.770000 in Epoch: 21

Epoch 25/99 [Duration: 7m 14s] [Run: 1/3]
----------
train Loss: 0.2694 Acc: 0.9113
val Loss: 1.4032 Acc: 0.7300
Best val Acc: 0.770000 in Epoch: 21

Epoch 26/99 [Duration: 7m 31s] [Run: 1/3]
----------
train Loss: 0.2645 Acc: 0.8975
val Loss: 1.2563 Acc: 0.7150
Best val Acc: 0.770000 in Epoch: 21

Epoch 27/99 [Duration: 7m 49s] [Run: 1/3]
----------
train Loss: 0.3442 Acc: 0.8875
val Loss: 1.2384 Acc: 0.7150
Best val Acc: 0.770000 in Epoch: 21

Epoch 28/99 [Duration: 8m 6s] [Run: 1/3]
----------
train Loss: 0.2775 Acc: 0.9062
val Loss: 1.3598 Acc: 0.6850
Best val Acc: 0.770000 in Epoch: 21

Epoch 29/99 [Duration: 8m 24s] [Run: 1/3]
----------
train Loss: 0.2595 Acc: 0.9175
val Loss: 1.3213 Acc: 0.7550
Best val Acc: 0.770000 in Epoch: 21

Epoch 30/99 [Duration: 8m 41s] [Run: 1/3]
----------
train Loss: 0.2729 Acc: 0.9125
val Loss: 1.2032 Acc: 0.7200
Best val Acc: 0.770000 in Epoch: 21

Epoch 31/99 [Duration: 8m 58s] [Run: 1/3]
----------
train Loss: 0.2074 Acc: 0.9263
val Loss: 1.2242 Acc: 0.7400
Best val Acc: 0.770000 in Epoch: 21

Epoch 32/99 [Duration: 9m 16s] [Run: 1/3]
----------
train Loss: 0.1700 Acc: 0.9463
val Loss: 1.3481 Acc: 0.7350
Best val Acc: 0.770000 in Epoch: 21

Epoch 33/99 [Duration: 9m 34s] [Run: 1/3]
----------
train Loss: 0.2118 Acc: 0.9375
val Loss: 1.2320 Acc: 0.7800
Best val Acc: 0.780000 in Epoch: 33

Epoch 34/99 [Duration: 9m 51s] [Run: 1/3]
----------
train Loss: 0.1721 Acc: 0.9537
val Loss: 1.3838 Acc: 0.7400
Best val Acc: 0.780000 in Epoch: 33

Epoch 35/99 [Duration: 10m 9s] [Run: 1/3]
----------
train Loss: 0.2536 Acc: 0.9175
val Loss: 1.4983 Acc: 0.7350
Best val Acc: 0.780000 in Epoch: 33

Epoch 36/99 [Duration: 10m 26s] [Run: 1/3]
----------
train Loss: 0.2008 Acc: 0.9263
val Loss: 1.4692 Acc: 0.7600
Best val Acc: 0.780000 in Epoch: 33

Epoch 37/99 [Duration: 10m 44s] [Run: 1/3]
----------
train Loss: 0.1435 Acc: 0.9513
val Loss: 1.6550 Acc: 0.7450
Best val Acc: 0.780000 in Epoch: 33

Epoch 38/99 [Duration: 11m 2s] [Run: 1/3]
----------
train Loss: 0.1504 Acc: 0.9525
val Loss: 1.2499 Acc: 0.7500
Best val Acc: 0.780000 in Epoch: 33

Epoch 39/99 [Duration: 11m 19s] [Run: 1/3]
----------
train Loss: 0.2012 Acc: 0.9313
val Loss: 1.3502 Acc: 0.7600
Best val Acc: 0.780000 in Epoch: 33

Epoch 40/99 [Duration: 11m 37s] [Run: 1/3]
----------
train Loss: 0.1783 Acc: 0.9350
val Loss: 1.6682 Acc: 0.7250
Best val Acc: 0.780000 in Epoch: 33

Epoch 41/99 [Duration: 11m 54s] [Run: 1/3]
----------
train Loss: 0.2162 Acc: 0.9287
val Loss: 1.1838 Acc: 0.7400
Best val Acc: 0.780000 in Epoch: 33

Epoch 42/99 [Duration: 12m 11s] [Run: 1/3]
----------
train Loss: 0.1972 Acc: 0.9313
val Loss: 1.2931 Acc: 0.7300
Best val Acc: 0.780000 in Epoch: 33

Epoch 43/99 [Duration: 12m 29s] [Run: 1/3]
----------
train Loss: 0.2034 Acc: 0.9437
val Loss: 1.0184 Acc: 0.7600
Best val Acc: 0.780000 in Epoch: 33

Epoch 44/99 [Duration: 12m 46s] [Run: 1/3]
----------
train Loss: 0.1248 Acc: 0.9613
val Loss: 1.1882 Acc: 0.7700
Best val Acc: 0.780000 in Epoch: 33

Epoch 45/99 [Duration: 13m 4s] [Run: 1/3]
----------
train Loss: 0.1644 Acc: 0.9350
val Loss: 1.2749 Acc: 0.7300
Best val Acc: 0.780000 in Epoch: 33

Epoch 46/99 [Duration: 13m 21s] [Run: 1/3]
----------
train Loss: 0.1867 Acc: 0.9425
val Loss: 1.4398 Acc: 0.7300
Best val Acc: 0.780000 in Epoch: 33

Epoch 47/99 [Duration: 13m 39s] [Run: 1/3]
----------
train Loss: 0.1756 Acc: 0.9387
val Loss: 1.2815 Acc: 0.7350
Best val Acc: 0.780000 in Epoch: 33

Epoch 48/99 [Duration: 13m 56s] [Run: 1/3]
----------
train Loss: 0.1719 Acc: 0.9463
val Loss: 1.6931 Acc: 0.7450
Best val Acc: 0.780000 in Epoch: 33

Epoch 49/99 [Duration: 14m 14s] [Run: 1/3]
----------
train Loss: 0.2482 Acc: 0.9163
val Loss: 1.5671 Acc: 0.7100
Best val Acc: 0.780000 in Epoch: 33

Epoch 50/99 [Duration: 14m 31s] [Run: 1/3]
----------
train Loss: 0.2136 Acc: 0.9313
val Loss: 1.0829 Acc: 0.7750
Best val Acc: 0.780000 in Epoch: 33

Epoch 51/99 [Duration: 14m 48s] [Run: 1/3]
----------
train Loss: 0.1576 Acc: 0.9487
val Loss: 0.9217 Acc: 0.7950
Best val Acc: 0.795000 in Epoch: 51

Epoch 52/99 [Duration: 15m 6s] [Run: 1/3]
----------
train Loss: 0.1529 Acc: 0.9537
val Loss: 1.2684 Acc: 0.7550
Best val Acc: 0.795000 in Epoch: 51

Epoch 53/99 [Duration: 15m 23s] [Run: 1/3]
----------
train Loss: 0.1242 Acc: 0.9600
val Loss: 1.1248 Acc: 0.7700
Best val Acc: 0.795000 in Epoch: 51

Epoch 54/99 [Duration: 15m 40s] [Run: 1/3]
----------
train Loss: 0.1125 Acc: 0.9637
val Loss: 1.2658 Acc: 0.7700
Best val Acc: 0.795000 in Epoch: 51

Epoch 55/99 [Duration: 15m 58s] [Run: 1/3]
----------
train Loss: 0.1172 Acc: 0.9600
val Loss: 1.3124 Acc: 0.7400
Best val Acc: 0.795000 in Epoch: 51

Epoch 56/99 [Duration: 16m 15s] [Run: 1/3]
----------
train Loss: 0.1428 Acc: 0.9563
val Loss: 1.5380 Acc: 0.7400
Best val Acc: 0.795000 in Epoch: 51

Epoch 57/99 [Duration: 16m 33s] [Run: 1/3]
----------
train Loss: 0.1658 Acc: 0.9525
val Loss: 1.5152 Acc: 0.7550
Best val Acc: 0.795000 in Epoch: 51

Epoch 58/99 [Duration: 16m 50s] [Run: 1/3]
----------
train Loss: 0.1893 Acc: 0.9375
val Loss: 1.1819 Acc: 0.7650
Best val Acc: 0.795000 in Epoch: 51

Epoch 59/99 [Duration: 17m 8s] [Run: 1/3]
----------
train Loss: 0.1250 Acc: 0.9637
val Loss: 1.3434 Acc: 0.7750
Best val Acc: 0.795000 in Epoch: 51

Epoch 60/99 [Duration: 17m 25s] [Run: 1/3]
----------
train Loss: 0.1864 Acc: 0.9463
val Loss: 1.4010 Acc: 0.7350
Best val Acc: 0.795000 in Epoch: 51

Epoch 61/99 [Duration: 17m 43s] [Run: 1/3]
----------
train Loss: 0.1129 Acc: 0.9613
val Loss: 1.2922 Acc: 0.7400
Best val Acc: 0.795000 in Epoch: 51

Epoch 62/99 [Duration: 18m 0s] [Run: 1/3]
----------
train Loss: 0.1398 Acc: 0.9563
val Loss: 1.2924 Acc: 0.7500
Best val Acc: 0.795000 in Epoch: 51

Epoch 63/99 [Duration: 18m 17s] [Run: 1/3]
----------
train Loss: 0.1067 Acc: 0.9637
val Loss: 1.4570 Acc: 0.7400
Best val Acc: 0.795000 in Epoch: 51

Epoch 64/99 [Duration: 18m 35s] [Run: 1/3]
----------
train Loss: 0.1220 Acc: 0.9537
val Loss: 1.2013 Acc: 0.7850
Best val Acc: 0.795000 in Epoch: 51

Epoch 65/99 [Duration: 18m 52s] [Run: 1/3]
----------
train Loss: 0.1542 Acc: 0.9563
val Loss: 1.4235 Acc: 0.7400
Best val Acc: 0.795000 in Epoch: 51

Epoch 66/99 [Duration: 19m 9s] [Run: 1/3]
----------
train Loss: 0.1513 Acc: 0.9475
val Loss: 1.2846 Acc: 0.7500
Best val Acc: 0.795000 in Epoch: 51

Epoch 67/99 [Duration: 19m 27s] [Run: 1/3]
----------
train Loss: 0.1021 Acc: 0.9725
val Loss: 1.3390 Acc: 0.7650
Best val Acc: 0.795000 in Epoch: 51

Epoch 68/99 [Duration: 19m 44s] [Run: 1/3]
----------
train Loss: 0.0810 Acc: 0.9750
val Loss: 1.4038 Acc: 0.7850
Best val Acc: 0.795000 in Epoch: 51

Epoch 69/99 [Duration: 20m 1s] [Run: 1/3]
----------
train Loss: 0.1483 Acc: 0.9537
val Loss: 1.5783 Acc: 0.7350
Best val Acc: 0.795000 in Epoch: 51

Epoch 70/99 [Duration: 20m 19s] [Run: 1/3]
----------
train Loss: 0.0871 Acc: 0.9775
val Loss: 1.2762 Acc: 0.7800
Best val Acc: 0.795000 in Epoch: 51

Epoch 71/99 [Duration: 20m 36s] [Run: 1/3]
----------
train Loss: 0.0712 Acc: 0.9750
val Loss: 1.4976 Acc: 0.7800
Best val Acc: 0.795000 in Epoch: 51

Epoch 72/99 [Duration: 20m 53s] [Run: 1/3]
----------
train Loss: 0.1155 Acc: 0.9637
val Loss: 1.5922 Acc: 0.7600
Best val Acc: 0.795000 in Epoch: 51

Epoch 73/99 [Duration: 21m 11s] [Run: 1/3]
----------
train Loss: 0.1901 Acc: 0.9313
val Loss: 1.5190 Acc: 0.7300
Best val Acc: 0.795000 in Epoch: 51

Epoch 74/99 [Duration: 21m 28s] [Run: 1/3]
----------
train Loss: 0.1091 Acc: 0.9650
val Loss: 1.4238 Acc: 0.7450
Best val Acc: 0.795000 in Epoch: 51

Epoch 75/99 [Duration: 21m 46s] [Run: 1/3]
----------
train Loss: 0.2463 Acc: 0.9437
val Loss: 1.3459 Acc: 0.7650
Best val Acc: 0.795000 in Epoch: 51

Epoch 76/99 [Duration: 22m 3s] [Run: 1/3]
----------
train Loss: 0.0948 Acc: 0.9750
val Loss: 1.3481 Acc: 0.7600
Best val Acc: 0.795000 in Epoch: 51

Epoch 77/99 [Duration: 22m 20s] [Run: 1/3]
----------
train Loss: 0.1185 Acc: 0.9713
val Loss: 1.5175 Acc: 0.7450
Best val Acc: 0.795000 in Epoch: 51

Epoch 78/99 [Duration: 22m 38s] [Run: 1/3]
----------
train Loss: 0.1055 Acc: 0.9613
val Loss: 1.6224 Acc: 0.7150
Best val Acc: 0.795000 in Epoch: 51

Epoch 79/99 [Duration: 22m 55s] [Run: 1/3]
----------
train Loss: 0.0964 Acc: 0.9738
val Loss: 1.3488 Acc: 0.7500
Best val Acc: 0.795000 in Epoch: 51

Epoch 80/99 [Duration: 23m 13s] [Run: 1/3]
----------
train Loss: 0.1288 Acc: 0.9563
val Loss: 1.3460 Acc: 0.7700
Best val Acc: 0.795000 in Epoch: 51

Epoch 81/99 [Duration: 23m 30s] [Run: 1/3]
----------
train Loss: 0.1243 Acc: 0.9650
val Loss: 1.3871 Acc: 0.7400
Best val Acc: 0.795000 in Epoch: 51

Epoch 82/99 [Duration: 23m 48s] [Run: 1/3]
----------
train Loss: 0.1087 Acc: 0.9650
val Loss: 1.4744 Acc: 0.7150
Best val Acc: 0.795000 in Epoch: 51

Epoch 83/99 [Duration: 24m 5s] [Run: 1/3]
----------
train Loss: 0.1036 Acc: 0.9650
val Loss: 1.2011 Acc: 0.7500
Best val Acc: 0.795000 in Epoch: 51

Epoch 84/99 [Duration: 24m 22s] [Run: 1/3]
----------
train Loss: 0.0931 Acc: 0.9637
val Loss: 1.2698 Acc: 0.7700
Best val Acc: 0.795000 in Epoch: 51

Epoch 85/99 [Duration: 24m 39s] [Run: 1/3]
----------
train Loss: 0.0760 Acc: 0.9763
val Loss: 1.3482 Acc: 0.7750
Best val Acc: 0.795000 in Epoch: 51

Epoch 86/99 [Duration: 24m 57s] [Run: 1/3]
----------
train Loss: 0.0649 Acc: 0.9825
val Loss: 1.3141 Acc: 0.7550
Best val Acc: 0.795000 in Epoch: 51

Epoch 87/99 [Duration: 25m 14s] [Run: 1/3]
----------
train Loss: 0.0632 Acc: 0.9800
val Loss: 1.3139 Acc: 0.7500
Best val Acc: 0.795000 in Epoch: 51

Epoch 88/99 [Duration: 25m 31s] [Run: 1/3]
----------
train Loss: 0.1455 Acc: 0.9587
val Loss: 1.4781 Acc: 0.7600
Best val Acc: 0.795000 in Epoch: 51

Epoch 89/99 [Duration: 25m 49s] [Run: 1/3]
----------
train Loss: 0.0956 Acc: 0.9675
val Loss: 1.3107 Acc: 0.7400
Best val Acc: 0.795000 in Epoch: 51

Epoch 90/99 [Duration: 26m 6s] [Run: 1/3]
----------
train Loss: 0.1102 Acc: 0.9663
val Loss: 1.3051 Acc: 0.7800
Best val Acc: 0.795000 in Epoch: 51

Epoch 91/99 [Duration: 26m 24s] [Run: 1/3]
----------
train Loss: 0.1279 Acc: 0.9713
val Loss: 1.1804 Acc: 0.7750
Best val Acc: 0.795000 in Epoch: 51

Epoch 92/99 [Duration: 26m 41s] [Run: 1/3]
----------
train Loss: 0.0660 Acc: 0.9788
val Loss: 1.5615 Acc: 0.7600
Best val Acc: 0.795000 in Epoch: 51

Epoch 93/99 [Duration: 26m 58s] [Run: 1/3]
----------
train Loss: 0.0766 Acc: 0.9775
val Loss: 1.3205 Acc: 0.7850
Best val Acc: 0.795000 in Epoch: 51

Epoch 94/99 [Duration: 27m 16s] [Run: 1/3]
----------
train Loss: 0.0488 Acc: 0.9813
val Loss: 1.3249 Acc: 0.7750
Best val Acc: 0.795000 in Epoch: 51

Epoch 95/99 [Duration: 27m 33s] [Run: 1/3]
----------
train Loss: 0.0376 Acc: 0.9888
val Loss: 1.6637 Acc: 0.7650
Best val Acc: 0.795000 in Epoch: 51

Epoch 96/99 [Duration: 27m 50s] [Run: 1/3]
----------
train Loss: 0.0378 Acc: 0.9900
val Loss: 1.4977 Acc: 0.7800
Best val Acc: 0.795000 in Epoch: 51

Epoch 97/99 [Duration: 28m 8s] [Run: 1/3]
----------
train Loss: 0.0542 Acc: 0.9838
val Loss: 2.0888 Acc: 0.7400
Best val Acc: 0.795000 in Epoch: 51

Epoch 98/99 [Duration: 28m 25s] [Run: 1/3]
----------
train Loss: 0.0796 Acc: 0.9688
val Loss: 1.7980 Acc: 0.7300
Best val Acc: 0.795000 in Epoch: 51

Epoch 99/99 [Duration: 28m 42s] [Run: 1/3]
----------
train Loss: 0.0864 Acc: 0.9725
val Loss: 2.0330 Acc: 0.7050
Best val Acc: 0.795000 in Epoch: 51

Training complete in 28m 59s
Best val Acc: 0.795000 in Epoch: 51
Testing on device: cuda:0
Testing complete in 2m 35s [Run: 1/3]
Accuracy of the network on the 2482 test images: 78.8477 %
Accuracy of ADVE : 90.0000 %
Accuracy of Email : 95.9920 %
Accuracy of Form : 84.2900 %
Accuracy of Letter : 75.8030 %
Accuracy of Memo : 68.2692 %
Accuracy of News : 96.5909 %
Accuracy of Note : 76.2376 %
Accuracy of Report : 52.7273 %
Accuracy of Resume : 75.0000 %
Accuracy of Scientific : 67.7019 %

Creating new dataset with seed: 1338 at: datasets/Tobacco_test/1/
Removed dir datasets/Tobacco_test/1/test
Removed dir datasets/Tobacco_test/1/train
Removed dir datasets/Tobacco_test/1/val
Tobacco random state: 1338
Done copying train to datasets/Tobacco_test/1/
Done copying val to datasets/Tobacco_test/1/
Done copying test to datasets/Tobacco_test/1/
Initializing Datasets and Dataloaders...
Loading dataset from path datasets/Tobacco_test/1/
Params to learn:
	 conv1.weight
	 bn1.weight
	 bn1.bias
	 layer1.0.conv1.weight
	 layer1.0.bn1.weight
	 layer1.0.bn1.bias
	 layer1.0.conv2.weight
	 layer1.0.bn2.weight
	 layer1.0.bn2.bias
	 layer1.1.conv1.weight
	 layer1.1.bn1.weight
	 layer1.1.bn1.bias
	 layer1.1.conv2.weight
	 layer1.1.bn2.weight
	 layer1.1.bn2.bias
	 layer2.0.conv1.weight
	 layer2.0.bn1.weight
	 layer2.0.bn1.bias
	 layer2.0.conv2.weight
	 layer2.0.bn2.weight
	 layer2.0.bn2.bias
	 layer2.0.downsample.0.weight
	 layer2.0.downsample.1.weight
	 layer2.0.downsample.1.bias
	 layer2.1.conv1.weight
	 layer2.1.bn1.weight
	 layer2.1.bn1.bias
	 layer2.1.conv2.weight
	 layer2.1.bn2.weight
	 layer2.1.bn2.bias
	 layer3.0.conv1.weight
	 layer3.0.bn1.weight
	 layer3.0.bn1.bias
	 layer3.0.conv2.weight
	 layer3.0.bn2.weight
	 layer3.0.bn2.bias
	 layer3.0.downsample.0.weight
	 layer3.0.downsample.1.weight
	 layer3.0.downsample.1.bias
	 layer3.1.conv1.weight
	 layer3.1.bn1.weight
	 layer3.1.bn1.bias
	 layer3.1.conv2.weight
	 layer3.1.bn2.weight
	 layer3.1.bn2.bias
	 layer4.0.conv1.weight
	 layer4.0.bn1.weight
	 layer4.0.bn1.bias
	 layer4.0.conv2.weight
	 layer4.0.bn2.weight
	 layer4.0.bn2.bias
	 layer4.0.downsample.0.weight
	 layer4.0.downsample.1.weight
	 layer4.0.downsample.1.bias
	 layer4.1.conv1.weight
	 layer4.1.bn1.weight
	 layer4.1.bn1.bias
	 layer4.1.conv2.weight
	 layer4.1.bn2.weight
	 layer4.1.bn2.bias
	 fc.1.weight
	 fc.1.bias
	 fc.4.weight
	 fc.4.bias
Training on device: cuda:0
Epoch 0/99 [Duration: 0m 0s] [Run: 2/3]
----------
train Loss: 5.1649 Acc: 0.3013
val Loss: 1.4244 Acc: 0.5600
Best val Acc: 0.560000 in Epoch: 0

Epoch 1/99 [Duration: 0m 17s] [Run: 2/3]
----------
train Loss: 1.4179 Acc: 0.5175
val Loss: 1.2555 Acc: 0.5550
Best val Acc: 0.560000 in Epoch: 0

Epoch 2/99 [Duration: 0m 35s] [Run: 2/3]
----------
train Loss: 1.2114 Acc: 0.5763
val Loss: 1.0512 Acc: 0.6200
Best val Acc: 0.620000 in Epoch: 2

Epoch 3/99 [Duration: 0m 53s] [Run: 2/3]
----------
train Loss: 1.0436 Acc: 0.6375
val Loss: 0.9869 Acc: 0.6150
Best val Acc: 0.620000 in Epoch: 2

Epoch 4/99 [Duration: 1m 10s] [Run: 2/3]
----------
train Loss: 0.9340 Acc: 0.6813
val Loss: 0.8565 Acc: 0.7000
Best val Acc: 0.700000 in Epoch: 4

Epoch 5/99 [Duration: 1m 28s] [Run: 2/3]
----------
train Loss: 0.9080 Acc: 0.6937
val Loss: 0.8518 Acc: 0.7300
Best val Acc: 0.730000 in Epoch: 5

Epoch 6/99 [Duration: 1m 46s] [Run: 2/3]
----------
train Loss: 0.7590 Acc: 0.7550
val Loss: 0.7752 Acc: 0.7150
Best val Acc: 0.730000 in Epoch: 5

Epoch 7/99 [Duration: 2m 3s] [Run: 2/3]
----------
train Loss: 0.7080 Acc: 0.7575
val Loss: 1.0911 Acc: 0.6400
Best val Acc: 0.730000 in Epoch: 5

Epoch 8/99 [Duration: 2m 21s] [Run: 2/3]
----------
train Loss: 0.6916 Acc: 0.7512
val Loss: 1.0773 Acc: 0.7000
Best val Acc: 0.730000 in Epoch: 5

Epoch 9/99 [Duration: 2m 38s] [Run: 2/3]
----------
train Loss: 0.5725 Acc: 0.8175
val Loss: 0.8921 Acc: 0.7500
Best val Acc: 0.750000 in Epoch: 9

Epoch 10/99 [Duration: 2m 56s] [Run: 2/3]
----------
train Loss: 0.5520 Acc: 0.8013
val Loss: 1.2033 Acc: 0.7150
Best val Acc: 0.750000 in Epoch: 9

Epoch 11/99 [Duration: 3m 13s] [Run: 2/3]
----------
train Loss: 0.5632 Acc: 0.8100
val Loss: 0.9154 Acc: 0.7000
Best val Acc: 0.750000 in Epoch: 9

Epoch 12/99 [Duration: 3m 31s] [Run: 2/3]
----------
train Loss: 0.5029 Acc: 0.8213
val Loss: 1.0181 Acc: 0.7300
Best val Acc: 0.750000 in Epoch: 9

Epoch 13/99 [Duration: 3m 48s] [Run: 2/3]
----------
train Loss: 0.4187 Acc: 0.8625
val Loss: 0.9746 Acc: 0.7550
Best val Acc: 0.755000 in Epoch: 13

Epoch 14/99 [Duration: 4m 6s] [Run: 2/3]
----------
train Loss: 0.4475 Acc: 0.8488
val Loss: 1.0124 Acc: 0.7650
Best val Acc: 0.765000 in Epoch: 14

Epoch 15/99 [Duration: 4m 23s] [Run: 2/3]
----------
train Loss: 0.4302 Acc: 0.8575
val Loss: 1.0009 Acc: 0.7400
Best val Acc: 0.765000 in Epoch: 14

Epoch 16/99 [Duration: 4m 41s] [Run: 2/3]
----------
train Loss: 0.3888 Acc: 0.8613
val Loss: 1.0708 Acc: 0.7400
Best val Acc: 0.765000 in Epoch: 14

Epoch 17/99 [Duration: 4m 58s] [Run: 2/3]
----------
train Loss: 0.4458 Acc: 0.8575
val Loss: 1.0630 Acc: 0.7500
Best val Acc: 0.765000 in Epoch: 14

Epoch 18/99 [Duration: 5m 16s] [Run: 2/3]
----------
train Loss: 0.4639 Acc: 0.8638
val Loss: 0.9447 Acc: 0.6950
Best val Acc: 0.765000 in Epoch: 14

Epoch 19/99 [Duration: 5m 33s] [Run: 2/3]
----------
train Loss: 0.3709 Acc: 0.8625
val Loss: 0.9820 Acc: 0.7500
Best val Acc: 0.765000 in Epoch: 14

Epoch 20/99 [Duration: 5m 50s] [Run: 2/3]
----------
train Loss: 0.3866 Acc: 0.8650
val Loss: 0.8896 Acc: 0.7300
Best val Acc: 0.765000 in Epoch: 14

Epoch 21/99 [Duration: 6m 8s] [Run: 2/3]
----------
train Loss: 0.2813 Acc: 0.8950
val Loss: 0.9896 Acc: 0.7700
Best val Acc: 0.770000 in Epoch: 21

Epoch 22/99 [Duration: 6m 26s] [Run: 2/3]
----------
train Loss: 0.3271 Acc: 0.8850
val Loss: 1.1136 Acc: 0.7300
Best val Acc: 0.770000 in Epoch: 21

Epoch 23/99 [Duration: 6m 43s] [Run: 2/3]
----------
train Loss: 0.2664 Acc: 0.9113
val Loss: 1.2444 Acc: 0.7200
Best val Acc: 0.770000 in Epoch: 21

Epoch 24/99 [Duration: 7m 1s] [Run: 2/3]
----------
train Loss: 0.2890 Acc: 0.9075
val Loss: 1.1405 Acc: 0.7450
Best val Acc: 0.770000 in Epoch: 21

Epoch 25/99 [Duration: 7m 19s] [Run: 2/3]
----------
train Loss: 0.2667 Acc: 0.9150
val Loss: 1.3768 Acc: 0.6850
Best val Acc: 0.770000 in Epoch: 21

Epoch 26/99 [Duration: 7m 36s] [Run: 2/3]
----------
train Loss: 0.2966 Acc: 0.8975
val Loss: 0.9837 Acc: 0.7300
Best val Acc: 0.770000 in Epoch: 21

Epoch 27/99 [Duration: 7m 54s] [Run: 2/3]
----------
train Loss: 0.3147 Acc: 0.9025
val Loss: 1.0276 Acc: 0.7650
Best val Acc: 0.770000 in Epoch: 21

Epoch 28/99 [Duration: 8m 12s] [Run: 2/3]
----------
train Loss: 0.2110 Acc: 0.9275
val Loss: 1.2867 Acc: 0.7450
Best val Acc: 0.770000 in Epoch: 21

Epoch 29/99 [Duration: 8m 29s] [Run: 2/3]
----------
train Loss: 0.2357 Acc: 0.9175
val Loss: 1.0528 Acc: 0.7600
Best val Acc: 0.770000 in Epoch: 21

Epoch 30/99 [Duration: 8m 47s] [Run: 2/3]
----------
train Loss: 0.1855 Acc: 0.9325
val Loss: 1.1922 Acc: 0.7550
Best val Acc: 0.770000 in Epoch: 21

Epoch 31/99 [Duration: 9m 4s] [Run: 2/3]
----------
train Loss: 0.2942 Acc: 0.8988
val Loss: 1.2605 Acc: 0.7250
Best val Acc: 0.770000 in Epoch: 21

Epoch 32/99 [Duration: 9m 22s] [Run: 2/3]
----------
train Loss: 0.2624 Acc: 0.9113
val Loss: 1.4080 Acc: 0.7400
Best val Acc: 0.770000 in Epoch: 21

Epoch 33/99 [Duration: 9m 40s] [Run: 2/3]
----------
train Loss: 0.2310 Acc: 0.9250
val Loss: 1.2567 Acc: 0.7600
Best val Acc: 0.770000 in Epoch: 21

Epoch 34/99 [Duration: 9m 58s] [Run: 2/3]
----------
train Loss: 0.2002 Acc: 0.9275
val Loss: 1.4995 Acc: 0.7600
Best val Acc: 0.770000 in Epoch: 21

Epoch 35/99 [Duration: 10m 15s] [Run: 2/3]
----------
train Loss: 0.2350 Acc: 0.9188
val Loss: 1.3608 Acc: 0.7600
Best val Acc: 0.770000 in Epoch: 21

Epoch 36/99 [Duration: 10m 33s] [Run: 2/3]
----------
train Loss: 0.1880 Acc: 0.9400
val Loss: 1.1713 Acc: 0.7450
Best val Acc: 0.770000 in Epoch: 21

Epoch 37/99 [Duration: 10m 50s] [Run: 2/3]
----------
train Loss: 0.2368 Acc: 0.9163
val Loss: 1.3440 Acc: 0.7350
Best val Acc: 0.770000 in Epoch: 21

Epoch 38/99 [Duration: 11m 8s] [Run: 2/3]
----------
train Loss: 0.1583 Acc: 0.9513
val Loss: 1.2469 Acc: 0.7450
Best val Acc: 0.770000 in Epoch: 21

Epoch 39/99 [Duration: 11m 25s] [Run: 2/3]
----------
train Loss: 0.1956 Acc: 0.9350
val Loss: 1.2500 Acc: 0.7600
Best val Acc: 0.770000 in Epoch: 21

Epoch 40/99 [Duration: 11m 43s] [Run: 2/3]
----------
train Loss: 0.2152 Acc: 0.9275
val Loss: 1.2839 Acc: 0.7350
Best val Acc: 0.770000 in Epoch: 21

Epoch 41/99 [Duration: 12m 1s] [Run: 2/3]
----------
train Loss: 0.1647 Acc: 0.9437
val Loss: 1.1912 Acc: 0.7400
Best val Acc: 0.770000 in Epoch: 21

Epoch 42/99 [Duration: 12m 19s] [Run: 2/3]
----------
train Loss: 0.1618 Acc: 0.9500
val Loss: 1.3996 Acc: 0.7350
Best val Acc: 0.770000 in Epoch: 21

Epoch 43/99 [Duration: 12m 36s] [Run: 2/3]
----------
train Loss: 0.1875 Acc: 0.9350
val Loss: 1.2590 Acc: 0.7350
Best val Acc: 0.770000 in Epoch: 21

Epoch 44/99 [Duration: 12m 54s] [Run: 2/3]
----------
train Loss: 0.1800 Acc: 0.9413
val Loss: 1.3827 Acc: 0.7350
Best val Acc: 0.770000 in Epoch: 21

Epoch 45/99 [Duration: 13m 12s] [Run: 2/3]
----------
train Loss: 0.1885 Acc: 0.9300
val Loss: 1.2936 Acc: 0.7250
Best val Acc: 0.770000 in Epoch: 21

Epoch 46/99 [Duration: 13m 29s] [Run: 2/3]
----------
train Loss: 0.1165 Acc: 0.9613
val Loss: 1.5550 Acc: 0.7250
Best val Acc: 0.770000 in Epoch: 21

Epoch 47/99 [Duration: 13m 47s] [Run: 2/3]
----------
train Loss: 0.1474 Acc: 0.9487
val Loss: 1.4556 Acc: 0.7200
Best val Acc: 0.770000 in Epoch: 21

Epoch 48/99 [Duration: 14m 4s] [Run: 2/3]
----------
train Loss: 0.1851 Acc: 0.9387
val Loss: 1.3728 Acc: 0.6950
Best val Acc: 0.770000 in Epoch: 21

Epoch 49/99 [Duration: 14m 22s] [Run: 2/3]
----------
train Loss: 0.2309 Acc: 0.9250
val Loss: 1.1923 Acc: 0.7550
Best val Acc: 0.770000 in Epoch: 21

Epoch 50/99 [Duration: 14m 39s] [Run: 2/3]
----------
train Loss: 0.0925 Acc: 0.9713
val Loss: 1.1420 Acc: 0.7600
Best val Acc: 0.770000 in Epoch: 21

Epoch 51/99 [Duration: 14m 57s] [Run: 2/3]
----------
train Loss: 0.1520 Acc: 0.9437
val Loss: 1.3040 Acc: 0.7500
Best val Acc: 0.770000 in Epoch: 21

Epoch 52/99 [Duration: 15m 15s] [Run: 2/3]
----------
train Loss: 0.1479 Acc: 0.9587
val Loss: 1.4152 Acc: 0.7350
Best val Acc: 0.770000 in Epoch: 21

Epoch 53/99 [Duration: 15m 32s] [Run: 2/3]
----------
train Loss: 0.1913 Acc: 0.9400
val Loss: 1.2902 Acc: 0.7450
Best val Acc: 0.770000 in Epoch: 21

Epoch 54/99 [Duration: 15m 49s] [Run: 2/3]
----------
train Loss: 0.1240 Acc: 0.9587
val Loss: 1.2233 Acc: 0.7550
Best val Acc: 0.770000 in Epoch: 21

Epoch 55/99 [Duration: 16m 7s] [Run: 2/3]
----------
train Loss: 0.1199 Acc: 0.9625
val Loss: 1.1677 Acc: 0.7350
Best val Acc: 0.770000 in Epoch: 21

Epoch 56/99 [Duration: 16m 24s] [Run: 2/3]
----------
train Loss: 0.1058 Acc: 0.9650
val Loss: 1.4306 Acc: 0.7550
Best val Acc: 0.770000 in Epoch: 21

Epoch 57/99 [Duration: 16m 42s] [Run: 2/3]
----------
train Loss: 0.1764 Acc: 0.9400
val Loss: 1.5289 Acc: 0.6950
Best val Acc: 0.770000 in Epoch: 21

Epoch 58/99 [Duration: 16m 60s] [Run: 2/3]
----------
train Loss: 0.1811 Acc: 0.9450
val Loss: 1.0979 Acc: 0.7400
Best val Acc: 0.770000 in Epoch: 21

Epoch 59/99 [Duration: 17m 17s] [Run: 2/3]
----------
train Loss: 0.1039 Acc: 0.9587
val Loss: 1.3194 Acc: 0.7500
Best val Acc: 0.770000 in Epoch: 21

Epoch 60/99 [Duration: 17m 35s] [Run: 2/3]
----------
train Loss: 0.1565 Acc: 0.9525
val Loss: 1.2878 Acc: 0.7700
Best val Acc: 0.770000 in Epoch: 21

Epoch 61/99 [Duration: 17m 53s] [Run: 2/3]
----------
train Loss: 0.1756 Acc: 0.9450
val Loss: 1.3227 Acc: 0.7300
Best val Acc: 0.770000 in Epoch: 21

Epoch 62/99 [Duration: 18m 10s] [Run: 2/3]
----------
train Loss: 0.1501 Acc: 0.9575
val Loss: 1.5159 Acc: 0.6800
Best val Acc: 0.770000 in Epoch: 21

Epoch 63/99 [Duration: 18m 27s] [Run: 2/3]
----------
train Loss: 0.1497 Acc: 0.9550
val Loss: 1.2904 Acc: 0.7300
Best val Acc: 0.770000 in Epoch: 21

Epoch 64/99 [Duration: 18m 45s] [Run: 2/3]
----------
train Loss: 0.1208 Acc: 0.9525
val Loss: 1.3601 Acc: 0.7350
Best val Acc: 0.770000 in Epoch: 21

Epoch 65/99 [Duration: 19m 4s] [Run: 2/3]
----------
train Loss: 0.0806 Acc: 0.9750
val Loss: 1.3148 Acc: 0.7450
Best val Acc: 0.770000 in Epoch: 21

Epoch 66/99 [Duration: 19m 21s] [Run: 2/3]
----------
train Loss: 0.1061 Acc: 0.9663
val Loss: 1.5430 Acc: 0.7050
Best val Acc: 0.770000 in Epoch: 21

Epoch 67/99 [Duration: 19m 39s] [Run: 2/3]
----------
train Loss: 0.1277 Acc: 0.9563
val Loss: 1.4434 Acc: 0.7550
Best val Acc: 0.770000 in Epoch: 21

Epoch 68/99 [Duration: 19m 57s] [Run: 2/3]
----------
train Loss: 0.0863 Acc: 0.9775
val Loss: 1.8086 Acc: 0.7250
Best val Acc: 0.770000 in Epoch: 21

Epoch 69/99 [Duration: 20m 15s] [Run: 2/3]
----------
train Loss: 0.1209 Acc: 0.9537
val Loss: 1.3817 Acc: 0.7300
Best val Acc: 0.770000 in Epoch: 21

Epoch 70/99 [Duration: 20m 32s] [Run: 2/3]
----------
train Loss: 0.1151 Acc: 0.9625
val Loss: 1.1476 Acc: 0.7750
Best val Acc: 0.775000 in Epoch: 70

Epoch 71/99 [Duration: 20m 50s] [Run: 2/3]
----------
train Loss: 0.0996 Acc: 0.9725
val Loss: 1.3648 Acc: 0.7750
Best val Acc: 0.775000 in Epoch: 70

Epoch 72/99 [Duration: 21m 7s] [Run: 2/3]
----------
train Loss: 0.1248 Acc: 0.9550
val Loss: 1.4930 Acc: 0.7350
Best val Acc: 0.775000 in Epoch: 70

Epoch 73/99 [Duration: 21m 25s] [Run: 2/3]
----------
train Loss: 0.0731 Acc: 0.9738
val Loss: 1.4952 Acc: 0.7200
Best val Acc: 0.775000 in Epoch: 70

Epoch 74/99 [Duration: 21m 42s] [Run: 2/3]
----------
train Loss: 0.0773 Acc: 0.9650
val Loss: 1.4592 Acc: 0.7600
Best val Acc: 0.775000 in Epoch: 70

Epoch 75/99 [Duration: 22m 0s] [Run: 2/3]
----------
train Loss: 0.1111 Acc: 0.9688
val Loss: 1.4492 Acc: 0.7550
Best val Acc: 0.775000 in Epoch: 70

Epoch 76/99 [Duration: 22m 18s] [Run: 2/3]
----------
train Loss: 0.1128 Acc: 0.9563
val Loss: 1.9706 Acc: 0.7400
Best val Acc: 0.775000 in Epoch: 70

Epoch 77/99 [Duration: 22m 35s] [Run: 2/3]
----------
train Loss: 0.1082 Acc: 0.9625
val Loss: 1.6953 Acc: 0.7200
Best val Acc: 0.775000 in Epoch: 70

Epoch 78/99 [Duration: 22m 53s] [Run: 2/3]
----------
train Loss: 0.0868 Acc: 0.9700
val Loss: 1.3641 Acc: 0.7600
Best val Acc: 0.775000 in Epoch: 70

Epoch 79/99 [Duration: 23m 10s] [Run: 2/3]
----------
train Loss: 0.1062 Acc: 0.9675
val Loss: 1.6896 Acc: 0.7600
Best val Acc: 0.775000 in Epoch: 70

Epoch 80/99 [Duration: 23m 28s] [Run: 2/3]
----------
train Loss: 0.0669 Acc: 0.9725
val Loss: 1.4861 Acc: 0.7800
Best val Acc: 0.780000 in Epoch: 80

Epoch 81/99 [Duration: 23m 45s] [Run: 2/3]
----------
train Loss: 0.1059 Acc: 0.9637
val Loss: 1.5665 Acc: 0.7500
Best val Acc: 0.780000 in Epoch: 80

Epoch 82/99 [Duration: 24m 3s] [Run: 2/3]
----------
train Loss: 0.1534 Acc: 0.9475
val Loss: 1.7534 Acc: 0.7250
Best val Acc: 0.780000 in Epoch: 80

Epoch 83/99 [Duration: 24m 20s] [Run: 2/3]
----------
train Loss: 0.1594 Acc: 0.9475
val Loss: 1.4456 Acc: 0.7550
Best val Acc: 0.780000 in Epoch: 80

Epoch 84/99 [Duration: 24m 37s] [Run: 2/3]
----------
train Loss: 0.1338 Acc: 0.9637
val Loss: 1.5423 Acc: 0.7300
Best val Acc: 0.780000 in Epoch: 80

Epoch 85/99 [Duration: 24m 55s] [Run: 2/3]
----------
train Loss: 0.0925 Acc: 0.9763
val Loss: 1.5155 Acc: 0.7400
Best val Acc: 0.780000 in Epoch: 80

Epoch 86/99 [Duration: 25m 12s] [Run: 2/3]
----------
train Loss: 0.1490 Acc: 0.9487
val Loss: 1.5428 Acc: 0.7600
Best val Acc: 0.780000 in Epoch: 80

Epoch 87/99 [Duration: 25m 29s] [Run: 2/3]
----------
train Loss: 0.1095 Acc: 0.9587
val Loss: 1.1433 Acc: 0.7600
Best val Acc: 0.780000 in Epoch: 80

Epoch 88/99 [Duration: 25m 47s] [Run: 2/3]
----------
train Loss: 0.0897 Acc: 0.9725
val Loss: 1.3049 Acc: 0.7600
Best val Acc: 0.780000 in Epoch: 80

Epoch 89/99 [Duration: 26m 5s] [Run: 2/3]
----------
train Loss: 0.0627 Acc: 0.9788
val Loss: 1.4972 Acc: 0.7600
Best val Acc: 0.780000 in Epoch: 80

Epoch 90/99 [Duration: 26m 22s] [Run: 2/3]
----------
train Loss: 0.0626 Acc: 0.9775
val Loss: 1.2445 Acc: 0.7850
Best val Acc: 0.785000 in Epoch: 90

Epoch 91/99 [Duration: 26m 40s] [Run: 2/3]
----------
train Loss: 0.0676 Acc: 0.9763
val Loss: 1.4718 Acc: 0.7500
Best val Acc: 0.785000 in Epoch: 90

Epoch 92/99 [Duration: 26m 58s] [Run: 2/3]
----------
train Loss: 0.0923 Acc: 0.9688
val Loss: 1.2424 Acc: 0.7750
Best val Acc: 0.785000 in Epoch: 90

Epoch 93/99 [Duration: 27m 15s] [Run: 2/3]
----------
train Loss: 0.0682 Acc: 0.9813
val Loss: 1.4300 Acc: 0.7350
Best val Acc: 0.785000 in Epoch: 90

Epoch 94/99 [Duration: 27m 33s] [Run: 2/3]
----------
train Loss: 0.0673 Acc: 0.9813
val Loss: 1.5883 Acc: 0.7550
Best val Acc: 0.785000 in Epoch: 90

Epoch 95/99 [Duration: 27m 51s] [Run: 2/3]
----------
train Loss: 0.0758 Acc: 0.9813
val Loss: 1.6712 Acc: 0.7450
Best val Acc: 0.785000 in Epoch: 90

Epoch 96/99 [Duration: 28m 8s] [Run: 2/3]
----------
train Loss: 0.1010 Acc: 0.9675
val Loss: 1.5464 Acc: 0.7500
Best val Acc: 0.785000 in Epoch: 90

Epoch 97/99 [Duration: 28m 26s] [Run: 2/3]
----------
train Loss: 0.0915 Acc: 0.9725
val Loss: 1.5330 Acc: 0.7650
Best val Acc: 0.785000 in Epoch: 90

Epoch 98/99 [Duration: 28m 43s] [Run: 2/3]
----------
train Loss: 0.0904 Acc: 0.9713
val Loss: 1.2636 Acc: 0.7600
Best val Acc: 0.785000 in Epoch: 90

Epoch 99/99 [Duration: 29m 1s] [Run: 2/3]
----------
train Loss: 0.0897 Acc: 0.9713
val Loss: 1.5207 Acc: 0.7400
Best val Acc: 0.785000 in Epoch: 90

Training complete in 29m 18s
Best val Acc: 0.785000 in Epoch: 90
Testing on device: cuda:0
Testing complete in 2m 33s [Run: 2/3]
Accuracy of the network on the 2482 test images: 77.5181 %
Accuracy of ADVE : 93.0769 %
Accuracy of Email : 91.7836 %
Accuracy of Form : 82.1752 %
Accuracy of Letter : 68.5225 %
Accuracy of Memo : 73.4615 %
Accuracy of News : 95.4545 %
Accuracy of Note : 83.1683 %
Accuracy of Report : 56.3636 %
Accuracy of Resume : 95.0000 %
Accuracy of Scientific : 56.5217 %

Creating new dataset with seed: 1339 at: datasets/Tobacco_test/2/
Removed dir datasets/Tobacco_test/2/test
Removed dir datasets/Tobacco_test/2/train
Removed dir datasets/Tobacco_test/2/val
Tobacco random state: 1339
Done copying train to datasets/Tobacco_test/2/
Done copying val to datasets/Tobacco_test/2/
Done copying test to datasets/Tobacco_test/2/
Initializing Datasets and Dataloaders...
Loading dataset from path datasets/Tobacco_test/2/
Params to learn:
	 conv1.weight
	 bn1.weight
	 bn1.bias
	 layer1.0.conv1.weight
	 layer1.0.bn1.weight
	 layer1.0.bn1.bias
	 layer1.0.conv2.weight
	 layer1.0.bn2.weight
	 layer1.0.bn2.bias
	 layer1.1.conv1.weight
	 layer1.1.bn1.weight
	 layer1.1.bn1.bias
	 layer1.1.conv2.weight
	 layer1.1.bn2.weight
	 layer1.1.bn2.bias
	 layer2.0.conv1.weight
	 layer2.0.bn1.weight
	 layer2.0.bn1.bias
	 layer2.0.conv2.weight
	 layer2.0.bn2.weight
	 layer2.0.bn2.bias
	 layer2.0.downsample.0.weight
	 layer2.0.downsample.1.weight
	 layer2.0.downsample.1.bias
	 layer2.1.conv1.weight
	 layer2.1.bn1.weight
	 layer2.1.bn1.bias
	 layer2.1.conv2.weight
	 layer2.1.bn2.weight
	 layer2.1.bn2.bias
	 layer3.0.conv1.weight
	 layer3.0.bn1.weight
	 layer3.0.bn1.bias
	 layer3.0.conv2.weight
	 layer3.0.bn2.weight
	 layer3.0.bn2.bias
	 layer3.0.downsample.0.weight
	 layer3.0.downsample.1.weight
	 layer3.0.downsample.1.bias
	 layer3.1.conv1.weight
	 layer3.1.bn1.weight
	 layer3.1.bn1.bias
	 layer3.1.conv2.weight
	 layer3.1.bn2.weight
	 layer3.1.bn2.bias
	 layer4.0.conv1.weight
	 layer4.0.bn1.weight
	 layer4.0.bn1.bias
	 layer4.0.conv2.weight
	 layer4.0.bn2.weight
	 layer4.0.bn2.bias
	 layer4.0.downsample.0.weight
	 layer4.0.downsample.1.weight
	 layer4.0.downsample.1.bias
	 layer4.1.conv1.weight
	 layer4.1.bn1.weight
	 layer4.1.bn1.bias
	 layer4.1.conv2.weight
	 layer4.1.bn2.weight
	 layer4.1.bn2.bias
	 fc.1.weight
	 fc.1.bias
	 fc.4.weight
	 fc.4.bias
Training on device: cuda:0
Epoch 0/99 [Duration: 0m 0s] [Run: 3/3]
----------
train Loss: 5.5601 Acc: 0.3150
val Loss: 1.4250 Acc: 0.5250
Best val Acc: 0.525000 in Epoch: 0

Epoch 1/99 [Duration: 0m 18s] [Run: 3/3]
----------
train Loss: 1.3644 Acc: 0.5375
val Loss: 1.0897 Acc: 0.6100
Best val Acc: 0.610000 in Epoch: 1

Epoch 2/99 [Duration: 0m 36s] [Run: 3/3]
----------
train Loss: 1.1167 Acc: 0.6100
val Loss: 1.0664 Acc: 0.5900
Best val Acc: 0.610000 in Epoch: 1

Epoch 3/99 [Duration: 0m 54s] [Run: 3/3]
----------
train Loss: 1.0020 Acc: 0.6550
val Loss: 0.8514 Acc: 0.7050
Best val Acc: 0.705000 in Epoch: 3

Epoch 4/99 [Duration: 1m 11s] [Run: 3/3]
----------
train Loss: 0.8961 Acc: 0.7063
val Loss: 0.8968 Acc: 0.6750
Best val Acc: 0.705000 in Epoch: 3

Epoch 5/99 [Duration: 1m 29s] [Run: 3/3]
----------
train Loss: 0.8432 Acc: 0.7175
val Loss: 1.1200 Acc: 0.6850
Best val Acc: 0.705000 in Epoch: 3

Epoch 6/99 [Duration: 1m 47s] [Run: 3/3]
----------
train Loss: 0.7744 Acc: 0.7288
val Loss: 0.7959 Acc: 0.7450
Best val Acc: 0.745000 in Epoch: 6

Epoch 7/99 [Duration: 2m 5s] [Run: 3/3]
----------
train Loss: 0.6672 Acc: 0.7812
val Loss: 1.0289 Acc: 0.6800
Best val Acc: 0.745000 in Epoch: 6

Epoch 8/99 [Duration: 2m 22s] [Run: 3/3]
----------
train Loss: 0.7293 Acc: 0.7488
val Loss: 0.8841 Acc: 0.7400
Best val Acc: 0.745000 in Epoch: 6

Epoch 9/99 [Duration: 2m 41s] [Run: 3/3]
----------
train Loss: 0.6903 Acc: 0.7825
val Loss: 0.7441 Acc: 0.7400
Best val Acc: 0.745000 in Epoch: 6

Epoch 10/99 [Duration: 2m 58s] [Run: 3/3]
----------
train Loss: 0.5164 Acc: 0.8187
val Loss: 1.0347 Acc: 0.7100
Best val Acc: 0.745000 in Epoch: 6

Epoch 11/99 [Duration: 3m 16s] [Run: 3/3]
----------
train Loss: 0.5760 Acc: 0.8200
val Loss: 0.8538 Acc: 0.6900
Best val Acc: 0.745000 in Epoch: 6

Epoch 12/99 [Duration: 3m 34s] [Run: 3/3]
----------
train Loss: 0.4875 Acc: 0.8313
val Loss: 0.7804 Acc: 0.7650
Best val Acc: 0.765000 in Epoch: 12

Epoch 13/99 [Duration: 3m 52s] [Run: 3/3]
----------
train Loss: 0.4346 Acc: 0.8513
val Loss: 0.7551 Acc: 0.7700
Best val Acc: 0.770000 in Epoch: 13

Epoch 14/99 [Duration: 4m 10s] [Run: 3/3]
----------
train Loss: 0.4247 Acc: 0.8575
val Loss: 0.8243 Acc: 0.7450
Best val Acc: 0.770000 in Epoch: 13

Epoch 15/99 [Duration: 4m 27s] [Run: 3/3]
----------
train Loss: 0.4001 Acc: 0.8500
val Loss: 0.7818 Acc: 0.7500
Best val Acc: 0.770000 in Epoch: 13

Epoch 16/99 [Duration: 4m 45s] [Run: 3/3]
----------
train Loss: 0.3510 Acc: 0.8800
val Loss: 0.8273 Acc: 0.7650
Best val Acc: 0.770000 in Epoch: 13

Epoch 17/99 [Duration: 5m 2s] [Run: 3/3]
----------
train Loss: 0.3316 Acc: 0.8825
val Loss: 0.8647 Acc: 0.7650
Best val Acc: 0.770000 in Epoch: 13

Epoch 18/99 [Duration: 5m 20s] [Run: 3/3]
----------
train Loss: 0.3917 Acc: 0.8625
val Loss: 0.9684 Acc: 0.7400
Best val Acc: 0.770000 in Epoch: 13

Epoch 19/99 [Duration: 5m 38s] [Run: 3/3]
----------
train Loss: 0.3272 Acc: 0.8900
val Loss: 0.6777 Acc: 0.8300
Best val Acc: 0.830000 in Epoch: 19

Epoch 20/99 [Duration: 5m 55s] [Run: 3/3]
----------
train Loss: 0.3686 Acc: 0.8738
val Loss: 1.2984 Acc: 0.7500
Best val Acc: 0.830000 in Epoch: 19

Epoch 21/99 [Duration: 6m 13s] [Run: 3/3]
----------
train Loss: 0.3186 Acc: 0.9025
val Loss: 0.8385 Acc: 0.8200
Best val Acc: 0.830000 in Epoch: 19

Epoch 22/99 [Duration: 6m 31s] [Run: 3/3]
----------
train Loss: 0.3050 Acc: 0.8950
val Loss: 0.8856 Acc: 0.7450
Best val Acc: 0.830000 in Epoch: 19

Epoch 23/99 [Duration: 6m 49s] [Run: 3/3]
----------
train Loss: 0.3028 Acc: 0.8962
val Loss: 1.0755 Acc: 0.7800
Best val Acc: 0.830000 in Epoch: 19

Epoch 24/99 [Duration: 7m 7s] [Run: 3/3]
----------
train Loss: 0.2873 Acc: 0.9188
val Loss: 1.2948 Acc: 0.7350
Best val Acc: 0.830000 in Epoch: 19

Epoch 25/99 [Duration: 7m 25s] [Run: 3/3]
----------
train Loss: 0.2616 Acc: 0.9125
val Loss: 1.0149 Acc: 0.7300
Best val Acc: 0.830000 in Epoch: 19

Epoch 26/99 [Duration: 7m 43s] [Run: 3/3]
----------
train Loss: 0.3148 Acc: 0.9038
val Loss: 0.7105 Acc: 0.8100
Best val Acc: 0.830000 in Epoch: 19

Epoch 27/99 [Duration: 8m 0s] [Run: 3/3]
----------
train Loss: 0.2828 Acc: 0.9100
val Loss: 1.0846 Acc: 0.7550
Best val Acc: 0.830000 in Epoch: 19

Epoch 28/99 [Duration: 8m 18s] [Run: 3/3]
----------
train Loss: 0.1867 Acc: 0.9463
val Loss: 0.8081 Acc: 0.7750
Best val Acc: 0.830000 in Epoch: 19

Epoch 29/99 [Duration: 8m 36s] [Run: 3/3]
----------
train Loss: 0.1731 Acc: 0.9437
val Loss: 0.9468 Acc: 0.7750
Best val Acc: 0.830000 in Epoch: 19

Epoch 30/99 [Duration: 8m 53s] [Run: 3/3]
----------
train Loss: 0.2358 Acc: 0.9125
val Loss: 0.9468 Acc: 0.7650
Best val Acc: 0.830000 in Epoch: 19

Epoch 31/99 [Duration: 9m 11s] [Run: 3/3]
----------
train Loss: 0.2237 Acc: 0.9263
val Loss: 0.9184 Acc: 0.7950
Best val Acc: 0.830000 in Epoch: 19

Epoch 32/99 [Duration: 9m 28s] [Run: 3/3]
----------
train Loss: 0.2026 Acc: 0.9300
val Loss: 0.9659 Acc: 0.7650
Best val Acc: 0.830000 in Epoch: 19

Epoch 33/99 [Duration: 9m 46s] [Run: 3/3]
----------
train Loss: 0.1756 Acc: 0.9413
val Loss: 0.9980 Acc: 0.7550
Best val Acc: 0.830000 in Epoch: 19

Epoch 34/99 [Duration: 10m 3s] [Run: 3/3]
----------
train Loss: 0.2179 Acc: 0.9175
val Loss: 0.9909 Acc: 0.7600
Best val Acc: 0.830000 in Epoch: 19

Epoch 35/99 [Duration: 10m 21s] [Run: 3/3]
----------
train Loss: 0.2312 Acc: 0.9287
val Loss: 0.9208 Acc: 0.7850
Best val Acc: 0.830000 in Epoch: 19

Epoch 36/99 [Duration: 10m 39s] [Run: 3/3]
----------
train Loss: 0.1748 Acc: 0.9487
val Loss: 1.2551 Acc: 0.7550
Best val Acc: 0.830000 in Epoch: 19

Epoch 37/99 [Duration: 10m 56s] [Run: 3/3]
----------
train Loss: 0.2835 Acc: 0.9113
val Loss: 1.7592 Acc: 0.7150
Best val Acc: 0.830000 in Epoch: 19

Epoch 38/99 [Duration: 11m 13s] [Run: 3/3]
----------
train Loss: 0.2235 Acc: 0.9250
val Loss: 1.2062 Acc: 0.7350
Best val Acc: 0.830000 in Epoch: 19

Epoch 39/99 [Duration: 11m 31s] [Run: 3/3]
----------
train Loss: 0.1752 Acc: 0.9425
val Loss: 1.0887 Acc: 0.8000
Best val Acc: 0.830000 in Epoch: 19

Epoch 40/99 [Duration: 11m 49s] [Run: 3/3]
----------
train Loss: 0.1268 Acc: 0.9500
val Loss: 1.4629 Acc: 0.7450
Best val Acc: 0.830000 in Epoch: 19

Epoch 41/99 [Duration: 12m 7s] [Run: 3/3]
----------
train Loss: 0.2921 Acc: 0.9100
val Loss: 1.2569 Acc: 0.7400
Best val Acc: 0.830000 in Epoch: 19

Epoch 42/99 [Duration: 12m 25s] [Run: 3/3]
----------
train Loss: 0.2539 Acc: 0.9188
val Loss: 1.3257 Acc: 0.7800
Best val Acc: 0.830000 in Epoch: 19

Epoch 43/99 [Duration: 12m 42s] [Run: 3/3]
----------
train Loss: 0.1934 Acc: 0.9375
val Loss: 1.3567 Acc: 0.7550
Best val Acc: 0.830000 in Epoch: 19

Epoch 44/99 [Duration: 12m 60s] [Run: 3/3]
----------
train Loss: 0.1602 Acc: 0.9487
val Loss: 1.2298 Acc: 0.7800
Best val Acc: 0.830000 in Epoch: 19

Epoch 45/99 [Duration: 13m 18s] [Run: 3/3]
----------
train Loss: 0.1476 Acc: 0.9575
val Loss: 1.3302 Acc: 0.7700
Best val Acc: 0.830000 in Epoch: 19

Epoch 46/99 [Duration: 13m 36s] [Run: 3/3]
----------
train Loss: 0.1102 Acc: 0.9650
val Loss: 1.1321 Acc: 0.7800
Best val Acc: 0.830000 in Epoch: 19

Epoch 47/99 [Duration: 13m 53s] [Run: 3/3]
----------
train Loss: 0.1551 Acc: 0.9387
val Loss: 1.6963 Acc: 0.7450
Best val Acc: 0.830000 in Epoch: 19

Epoch 48/99 [Duration: 14m 11s] [Run: 3/3]
----------
train Loss: 0.1780 Acc: 0.9413
val Loss: 1.0905 Acc: 0.7650
Best val Acc: 0.830000 in Epoch: 19

Epoch 49/99 [Duration: 14m 29s] [Run: 3/3]
----------
train Loss: 0.1668 Acc: 0.9475
val Loss: 1.2328 Acc: 0.7350
Best val Acc: 0.830000 in Epoch: 19

Epoch 50/99 [Duration: 14m 46s] [Run: 3/3]
----------
train Loss: 0.1641 Acc: 0.9500
val Loss: 0.9620 Acc: 0.8000
Best val Acc: 0.830000 in Epoch: 19

Epoch 51/99 [Duration: 15m 4s] [Run: 3/3]
----------
train Loss: 0.1260 Acc: 0.9600
val Loss: 1.1597 Acc: 0.7700
Best val Acc: 0.830000 in Epoch: 19

Epoch 52/99 [Duration: 15m 22s] [Run: 3/3]
----------
train Loss: 0.1058 Acc: 0.9563
val Loss: 0.9973 Acc: 0.7750
Best val Acc: 0.830000 in Epoch: 19

Epoch 53/99 [Duration: 15m 40s] [Run: 3/3]
----------
train Loss: 0.1287 Acc: 0.9575
val Loss: 1.3381 Acc: 0.7350
Best val Acc: 0.830000 in Epoch: 19

Epoch 54/99 [Duration: 15m 58s] [Run: 3/3]
----------
train Loss: 0.1461 Acc: 0.9537
val Loss: 1.2392 Acc: 0.7600
Best val Acc: 0.830000 in Epoch: 19

Epoch 55/99 [Duration: 16m 15s] [Run: 3/3]
----------
train Loss: 0.1030 Acc: 0.9637
val Loss: 1.3151 Acc: 0.7200
Best val Acc: 0.830000 in Epoch: 19

Epoch 56/99 [Duration: 16m 33s] [Run: 3/3]
----------
train Loss: 0.1137 Acc: 0.9675
val Loss: 1.5069 Acc: 0.7500
Best val Acc: 0.830000 in Epoch: 19

Epoch 57/99 [Duration: 16m 51s] [Run: 3/3]
----------
train Loss: 0.1877 Acc: 0.9400
val Loss: 1.0916 Acc: 0.7800
Best val Acc: 0.830000 in Epoch: 19

Epoch 58/99 [Duration: 17m 9s] [Run: 3/3]
----------
train Loss: 0.1592 Acc: 0.9525
val Loss: 1.1551 Acc: 0.7400
Best val Acc: 0.830000 in Epoch: 19

Epoch 59/99 [Duration: 17m 27s] [Run: 3/3]
----------
train Loss: 0.1193 Acc: 0.9600
val Loss: 1.3240 Acc: 0.7450
Best val Acc: 0.830000 in Epoch: 19

Epoch 60/99 [Duration: 17m 44s] [Run: 3/3]
----------
train Loss: 0.1139 Acc: 0.9625
val Loss: 1.4428 Acc: 0.7550
Best val Acc: 0.830000 in Epoch: 19

Epoch 61/99 [Duration: 18m 2s] [Run: 3/3]
----------
train Loss: 0.1259 Acc: 0.9563
val Loss: 1.3098 Acc: 0.7650
Best val Acc: 0.830000 in Epoch: 19

Epoch 62/99 [Duration: 18m 20s] [Run: 3/3]
----------
train Loss: 0.0878 Acc: 0.9650
val Loss: 1.3785 Acc: 0.7900
Best val Acc: 0.830000 in Epoch: 19

Epoch 63/99 [Duration: 18m 38s] [Run: 3/3]
----------
train Loss: 0.1509 Acc: 0.9550
val Loss: 1.4885 Acc: 0.7700
Best val Acc: 0.830000 in Epoch: 19

Epoch 64/99 [Duration: 18m 55s] [Run: 3/3]
----------
train Loss: 0.1240 Acc: 0.9613
val Loss: 1.1164 Acc: 0.7900
Best val Acc: 0.830000 in Epoch: 19

Epoch 65/99 [Duration: 19m 14s] [Run: 3/3]
----------
train Loss: 0.1146 Acc: 0.9663
val Loss: 1.1951 Acc: 0.8050
Best val Acc: 0.830000 in Epoch: 19

Epoch 66/99 [Duration: 19m 31s] [Run: 3/3]
----------
train Loss: 0.1015 Acc: 0.9587
val Loss: 1.4815 Acc: 0.7850
Best val Acc: 0.830000 in Epoch: 19

Epoch 67/99 [Duration: 19m 49s] [Run: 3/3]
----------
train Loss: 0.1475 Acc: 0.9525
val Loss: 1.2596 Acc: 0.7950
Best val Acc: 0.830000 in Epoch: 19

Epoch 68/99 [Duration: 20m 7s] [Run: 3/3]
----------
train Loss: 0.1365 Acc: 0.9625
val Loss: 1.2378 Acc: 0.7950
Best val Acc: 0.830000 in Epoch: 19

Epoch 69/99 [Duration: 20m 25s] [Run: 3/3]
----------
train Loss: 0.1169 Acc: 0.9625
val Loss: 1.2009 Acc: 0.8100
Best val Acc: 0.830000 in Epoch: 19

Epoch 70/99 [Duration: 20m 42s] [Run: 3/3]
----------
train Loss: 0.1058 Acc: 0.9725
val Loss: 1.8032 Acc: 0.6950
Best val Acc: 0.830000 in Epoch: 19

Epoch 71/99 [Duration: 21m 0s] [Run: 3/3]
----------
train Loss: 0.1221 Acc: 0.9663
val Loss: 1.5862 Acc: 0.7200
Best val Acc: 0.830000 in Epoch: 19

Epoch 72/99 [Duration: 21m 18s] [Run: 3/3]
----------
train Loss: 0.1147 Acc: 0.9625
val Loss: 1.5639 Acc: 0.7200
Best val Acc: 0.830000 in Epoch: 19

Epoch 73/99 [Duration: 21m 35s] [Run: 3/3]
----------
train Loss: 0.1545 Acc: 0.9513
val Loss: 1.5397 Acc: 0.7850
Best val Acc: 0.830000 in Epoch: 19

Epoch 74/99 [Duration: 21m 53s] [Run: 3/3]
----------
train Loss: 0.1287 Acc: 0.9550
val Loss: 1.3045 Acc: 0.7800
Best val Acc: 0.830000 in Epoch: 19

Epoch 75/99 [Duration: 22m 11s] [Run: 3/3]
----------
train Loss: 0.0851 Acc: 0.9713
val Loss: 1.4277 Acc: 0.7900
Best val Acc: 0.830000 in Epoch: 19

Epoch 76/99 [Duration: 22m 29s] [Run: 3/3]
----------
train Loss: 0.0856 Acc: 0.9663
val Loss: 1.3319 Acc: 0.8100
Best val Acc: 0.830000 in Epoch: 19

Epoch 77/99 [Duration: 22m 47s] [Run: 3/3]
----------
train Loss: 0.0642 Acc: 0.9800
val Loss: 1.5083 Acc: 0.7800
Best val Acc: 0.830000 in Epoch: 19

Epoch 78/99 [Duration: 23m 4s] [Run: 3/3]
----------
train Loss: 0.0976 Acc: 0.9738
val Loss: 1.3419 Acc: 0.7550
Best val Acc: 0.830000 in Epoch: 19

Epoch 79/99 [Duration: 23m 22s] [Run: 3/3]
----------
train Loss: 0.1238 Acc: 0.9750
val Loss: 1.6720 Acc: 0.7400
Best val Acc: 0.830000 in Epoch: 19

Epoch 80/99 [Duration: 23m 39s] [Run: 3/3]
----------
train Loss: 0.1215 Acc: 0.9625
val Loss: 1.4307 Acc: 0.7800
Best val Acc: 0.830000 in Epoch: 19

Epoch 81/99 [Duration: 23m 58s] [Run: 3/3]
----------
train Loss: 0.0990 Acc: 0.9738
val Loss: 1.3254 Acc: 0.7750
Best val Acc: 0.830000 in Epoch: 19

Epoch 82/99 [Duration: 24m 16s] [Run: 3/3]
----------
train Loss: 0.1252 Acc: 0.9550
val Loss: 1.4074 Acc: 0.7600
Best val Acc: 0.830000 in Epoch: 19

Epoch 83/99 [Duration: 24m 33s] [Run: 3/3]
----------
train Loss: 0.1046 Acc: 0.9637
val Loss: 1.3629 Acc: 0.7750
Best val Acc: 0.830000 in Epoch: 19

Epoch 84/99 [Duration: 24m 50s] [Run: 3/3]
----------
train Loss: 0.1103 Acc: 0.9613
val Loss: 1.2982 Acc: 0.7800
Best val Acc: 0.830000 in Epoch: 19

Epoch 85/99 [Duration: 25m 8s] [Run: 3/3]
----------
train Loss: 0.1540 Acc: 0.9513
val Loss: 1.4763 Acc: 0.7850
Best val Acc: 0.830000 in Epoch: 19

Epoch 86/99 [Duration: 25m 26s] [Run: 3/3]
----------
train Loss: 0.1448 Acc: 0.9525
val Loss: 1.4009 Acc: 0.7850
Best val Acc: 0.830000 in Epoch: 19

Epoch 87/99 [Duration: 25m 44s] [Run: 3/3]
----------
train Loss: 0.1168 Acc: 0.9613
val Loss: 1.2937 Acc: 0.8000
Best val Acc: 0.830000 in Epoch: 19

Epoch 88/99 [Duration: 26m 1s] [Run: 3/3]
----------
train Loss: 0.0690 Acc: 0.9800
val Loss: 1.2458 Acc: 0.7650
Best val Acc: 0.830000 in Epoch: 19

Epoch 89/99 [Duration: 26m 19s] [Run: 3/3]
----------
train Loss: 0.1084 Acc: 0.9650
val Loss: 1.4368 Acc: 0.7500
Best val Acc: 0.830000 in Epoch: 19

Epoch 90/99 [Duration: 26m 37s] [Run: 3/3]
----------
train Loss: 0.1115 Acc: 0.9637
val Loss: 1.6171 Acc: 0.7000
Best val Acc: 0.830000 in Epoch: 19

Epoch 91/99 [Duration: 26m 55s] [Run: 3/3]
----------
train Loss: 0.0983 Acc: 0.9663
val Loss: 1.7090 Acc: 0.7400
Best val Acc: 0.830000 in Epoch: 19

Epoch 92/99 [Duration: 27m 12s] [Run: 3/3]
----------
train Loss: 0.0939 Acc: 0.9713
val Loss: 1.3094 Acc: 0.8000
Best val Acc: 0.830000 in Epoch: 19

Epoch 93/99 [Duration: 27m 30s] [Run: 3/3]
----------
train Loss: 0.0891 Acc: 0.9700
val Loss: 1.2880 Acc: 0.7600
Best val Acc: 0.830000 in Epoch: 19

Epoch 94/99 [Duration: 27m 48s] [Run: 3/3]
----------
train Loss: 0.1055 Acc: 0.9688
val Loss: 1.3682 Acc: 0.7250
Best val Acc: 0.830000 in Epoch: 19

Epoch 95/99 [Duration: 28m 6s] [Run: 3/3]
----------
train Loss: 0.1056 Acc: 0.9625
val Loss: 1.5507 Acc: 0.7700
Best val Acc: 0.830000 in Epoch: 19

Epoch 96/99 [Duration: 28m 24s] [Run: 3/3]
----------
train Loss: 0.0942 Acc: 0.9675
val Loss: 1.2525 Acc: 0.7900
Best val Acc: 0.830000 in Epoch: 19

Epoch 97/99 [Duration: 28m 41s] [Run: 3/3]
----------
train Loss: 0.1301 Acc: 0.9625
val Loss: 1.3323 Acc: 0.7200
Best val Acc: 0.830000 in Epoch: 19

Epoch 98/99 [Duration: 28m 59s] [Run: 3/3]
----------
train Loss: 0.0730 Acc: 0.9688
val Loss: 1.3649 Acc: 0.7600
Best val Acc: 0.830000 in Epoch: 19

Epoch 99/99 [Duration: 29m 17s] [Run: 3/3]
----------
train Loss: 0.0604 Acc: 0.9763
val Loss: 1.1386 Acc: 0.7850
Best val Acc: 0.830000 in Epoch: 19

Training complete in 29m 35s
Best val Acc: 0.830000 in Epoch: 19
Testing on device: cuda:0
Testing complete in 2m 33s [Run: 3/3]
Accuracy of the network on the 2482 test images: 74.0935 %
Accuracy of ADVE : 87.6923 %
Accuracy of Email : 94.5892 %
Accuracy of Form : 82.4773 %
Accuracy of Letter : 51.6060 %
Accuracy of Memo : 72.8846 %
Accuracy of News : 95.4545 %
Accuracy of Note : 74.2574 %
Accuracy of Report : 50.3030 %
Accuracy of Resume : 55.0000 %
Accuracy of Scientific : 66.4596 %


Testing done! Calculating results...
resnet:
Accuracy of the network on the 2482 test images: 78.8477 %
Accuracy of ADVE : 90.0000 %
Accuracy of Email : 95.9920 %
Accuracy of Form : 84.2900 %
Accuracy of Letter : 75.8030 %
Accuracy of Memo : 68.2692 %
Accuracy of News : 96.5909 %
Accuracy of Note : 76.2376 %
Accuracy of Report : 52.7273 %
Accuracy of Resume : 75.0000 %
Accuracy of Scientific : 67.7019 %

resnet:
Accuracy of the network on the 2482 test images: 77.5181 %
Accuracy of ADVE : 93.0769 %
Accuracy of Email : 91.7836 %
Accuracy of Form : 82.1752 %
Accuracy of Letter : 68.5225 %
Accuracy of Memo : 73.4615 %
Accuracy of News : 95.4545 %
Accuracy of Note : 83.1683 %
Accuracy of Report : 56.3636 %
Accuracy of Resume : 95.0000 %
Accuracy of Scientific : 56.5217 %

resnet:
Accuracy of the network on the 2482 test images: 74.0935 %
Accuracy of ADVE : 87.6923 %
Accuracy of Email : 94.5892 %
Accuracy of Form : 82.4773 %
Accuracy of Letter : 51.6060 %
Accuracy of Memo : 72.8846 %
Accuracy of News : 95.4545 %
Accuracy of Note : 74.2574 %
Accuracy of Report : 50.3030 %
Accuracy of Resume : 55.0000 %
Accuracy of Scientific : 66.4596 %



Average accuracy on 7446 test images in 3 number of runs: 76.8198 %
Total correct: 5720, Total number of images: 7446
Total runtime: 96m 12s
