### Hyperparameters used ###
batch_size = 16 # Minibatch size
num_epochs = 100
learning_rate = 1e-4
weight_decay = 1e-1
num_classes = 10
number_of_different_splits = 3

We introduced a weight_decay variable to the Adam optimizer in this test.
Model did not overfit at much during training but results got worse.

### Output ###
PyTorch Version:  1.0.1.post2
Torchvision Version:  0.2.1
Running on device: cuda:0
torch.cuda.current_device(): 0
torch.cuda.device(0): <torch.cuda.device object at 0x7f9007bc3cf8>
torch.cuda.device_count(): 1
torch.cuda.get_device_name(0): GeForce GTX 1080 Ti
Creating new dataset with seed: 1337 at: datasets/Tobacco_test/0/
Removed dir datasets/Tobacco_test/0/test
Removed dir datasets/Tobacco_test/0/train
Removed dir datasets/Tobacco_test/0/val
Tobacco random state: 1337
Done copying train to datasets/Tobacco_test/0/
Done copying val to datasets/Tobacco_test/0/
Done copying test to datasets/Tobacco_test/0/
Initializing rectangular Datasets and Dataloaders...
Target resolution: (480, 640)
Loading dataset from path datasets/Tobacco_test/0/
ResNet(
  (conv1): Conv2d(3, 64, kernel_size=(7, 7), stride=(2, 2), padding=(3, 3), bias=False)
  (bn1): BatchNorm2d(64, eps=1e-05, momentum=0.1, affine=True, track_running_stats=True)
  (relu): ReLU(inplace)
  (maxpool): MaxPool2d(kernel_size=3, stride=2, padding=1, dilation=1, ceil_mode=False)
  (layer1): Sequential(
    (0): BasicBlock(
      (conv1): Conv2d(64, 64, kernel_size=(3, 3), stride=(1, 1), padding=(1, 1), bias=False)
      (bn1): BatchNorm2d(64, eps=1e-05, momentum=0.1, affine=True, track_running_stats=True)
      (relu): ReLU(inplace)
      (conv2): Conv2d(64, 64, kernel_size=(3, 3), stride=(1, 1), padding=(1, 1), bias=False)
      (bn2): BatchNorm2d(64, eps=1e-05, momentum=0.1, affine=True, track_running_stats=True)
    )
    (1): BasicBlock(
      (conv1): Conv2d(64, 64, kernel_size=(3, 3), stride=(1, 1), padding=(1, 1), bias=False)
      (bn1): BatchNorm2d(64, eps=1e-05, momentum=0.1, affine=True, track_running_stats=True)
      (relu): ReLU(inplace)
      (conv2): Conv2d(64, 64, kernel_size=(3, 3), stride=(1, 1), padding=(1, 1), bias=False)
      (bn2): BatchNorm2d(64, eps=1e-05, momentum=0.1, affine=True, track_running_stats=True)
    )
  )
  (layer2): Sequential(
    (0): BasicBlock(
      (conv1): Conv2d(64, 128, kernel_size=(3, 3), stride=(2, 2), padding=(1, 1), bias=False)
      (bn1): BatchNorm2d(128, eps=1e-05, momentum=0.1, affine=True, track_running_stats=True)
      (relu): ReLU(inplace)
      (conv2): Conv2d(128, 128, kernel_size=(3, 3), stride=(1, 1), padding=(1, 1), bias=False)
      (bn2): BatchNorm2d(128, eps=1e-05, momentum=0.1, affine=True, track_running_stats=True)
      (downsample): Sequential(
        (0): Conv2d(64, 128, kernel_size=(1, 1), stride=(2, 2), bias=False)
        (1): BatchNorm2d(128, eps=1e-05, momentum=0.1, affine=True, track_running_stats=True)
      )
    )
    (1): BasicBlock(
      (conv1): Conv2d(128, 128, kernel_size=(3, 3), stride=(1, 1), padding=(1, 1), bias=False)
      (bn1): BatchNorm2d(128, eps=1e-05, momentum=0.1, affine=True, track_running_stats=True)
      (relu): ReLU(inplace)
      (conv2): Conv2d(128, 128, kernel_size=(3, 3), stride=(1, 1), padding=(1, 1), bias=False)
      (bn2): BatchNorm2d(128, eps=1e-05, momentum=0.1, affine=True, track_running_stats=True)
    )
  )
  (layer3): Sequential(
    (0): BasicBlock(
      (conv1): Conv2d(128, 256, kernel_size=(3, 3), stride=(2, 2), padding=(1, 1), bias=False)
      (bn1): BatchNorm2d(256, eps=1e-05, momentum=0.1, affine=True, track_running_stats=True)
      (relu): ReLU(inplace)
      (conv2): Conv2d(256, 256, kernel_size=(3, 3), stride=(1, 1), padding=(1, 1), bias=False)
      (bn2): BatchNorm2d(256, eps=1e-05, momentum=0.1, affine=True, track_running_stats=True)
      (downsample): Sequential(
        (0): Conv2d(128, 256, kernel_size=(1, 1), stride=(2, 2), bias=False)
        (1): BatchNorm2d(256, eps=1e-05, momentum=0.1, affine=True, track_running_stats=True)
      )
    )
    (1): BasicBlock(
      (conv1): Conv2d(256, 256, kernel_size=(3, 3), stride=(1, 1), padding=(1, 1), bias=False)
      (bn1): BatchNorm2d(256, eps=1e-05, momentum=0.1, affine=True, track_running_stats=True)
      (relu): ReLU(inplace)
      (conv2): Conv2d(256, 256, kernel_size=(3, 3), stride=(1, 1), padding=(1, 1), bias=False)
      (bn2): BatchNorm2d(256, eps=1e-05, momentum=0.1, affine=True, track_running_stats=True)
    )
  )
  (layer4): Sequential(
    (0): BasicBlock(
      (conv1): Conv2d(256, 512, kernel_size=(3, 3), stride=(2, 2), padding=(1, 1), bias=False)
      (bn1): BatchNorm2d(512, eps=1e-05, momentum=0.1, affine=True, track_running_stats=True)
      (relu): ReLU(inplace)
      (conv2): Conv2d(512, 512, kernel_size=(3, 3), stride=(1, 1), padding=(1, 1), bias=False)
      (bn2): BatchNorm2d(512, eps=1e-05, momentum=0.1, affine=True, track_running_stats=True)
      (downsample): Sequential(
        (0): Conv2d(256, 512, kernel_size=(1, 1), stride=(2, 2), bias=False)
        (1): BatchNorm2d(512, eps=1e-05, momentum=0.1, affine=True, track_running_stats=True)
      )
    )
    (1): BasicBlock(
      (conv1): Conv2d(512, 512, kernel_size=(3, 3), stride=(1, 1), padding=(1, 1), bias=False)
      (bn1): BatchNorm2d(512, eps=1e-05, momentum=0.1, affine=True, track_running_stats=True)
      (relu): ReLU(inplace)
      (conv2): Conv2d(512, 512, kernel_size=(3, 3), stride=(1, 1), padding=(1, 1), bias=False)
      (bn2): BatchNorm2d(512, eps=1e-05, momentum=0.1, affine=True, track_running_stats=True)
    )
  )
  (avgpool): AvgPool2d(kernel_size=7, stride=1, padding=0)
  (fc): Sequential(
    (0): Dropout(p=0.1)
    (1): Linear(in_features=64512, out_features=4096, bias=True)
    (2): ReLU()
    (3): Dropout(p=0.1)
    (4): Linear(in_features=4096, out_features=10, bias=True)
  )
)
Params to learn:
	 conv1.weight
	 bn1.weight
	 bn1.bias
	 layer1.0.conv1.weight
	 layer1.0.bn1.weight
	 layer1.0.bn1.bias
	 layer1.0.conv2.weight
	 layer1.0.bn2.weight
	 layer1.0.bn2.bias
	 layer1.1.conv1.weight
	 layer1.1.bn1.weight
	 layer1.1.bn1.bias
	 layer1.1.conv2.weight
	 layer1.1.bn2.weight
	 layer1.1.bn2.bias
	 layer2.0.conv1.weight
	 layer2.0.bn1.weight
	 layer2.0.bn1.bias
	 layer2.0.conv2.weight
	 layer2.0.bn2.weight
	 layer2.0.bn2.bias
	 layer2.0.downsample.0.weight
	 layer2.0.downsample.1.weight
	 layer2.0.downsample.1.bias
	 layer2.1.conv1.weight
	 layer2.1.bn1.weight
	 layer2.1.bn1.bias
	 layer2.1.conv2.weight
	 layer2.1.bn2.weight
	 layer2.1.bn2.bias
	 layer3.0.conv1.weight
	 layer3.0.bn1.weight
	 layer3.0.bn1.bias
	 layer3.0.conv2.weight
	 layer3.0.bn2.weight
	 layer3.0.bn2.bias
	 layer3.0.downsample.0.weight
	 layer3.0.downsample.1.weight
	 layer3.0.downsample.1.bias
	 layer3.1.conv1.weight
	 layer3.1.bn1.weight
	 layer3.1.bn1.bias
	 layer3.1.conv2.weight
	 layer3.1.bn2.weight
	 layer3.1.bn2.bias
	 layer4.0.conv1.weight
	 layer4.0.bn1.weight
	 layer4.0.bn1.bias
	 layer4.0.conv2.weight
	 layer4.0.bn2.weight
	 layer4.0.bn2.bias
	 layer4.0.downsample.0.weight
	 layer4.0.downsample.1.weight
	 layer4.0.downsample.1.bias
	 layer4.1.conv1.weight
	 layer4.1.bn1.weight
	 layer4.1.bn1.bias
	 layer4.1.conv2.weight
	 layer4.1.bn2.weight
	 layer4.1.bn2.bias
	 fc.1.weight
	 fc.1.bias
	 fc.4.weight
	 fc.4.bias
Using learning rate 0.0001 and weight decay 0.1
Training on device: cuda:0
Epoch 0/99 [Duration: 0m 0s] [Run: 1/3]
----------
train Loss: 6.2128 Acc: 0.2737
val Loss: 1.6159 Acc: 0.4650
Best val Acc: 0.465000 in Epoch: 0

Epoch 1/99 [Duration: 0m 18s] [Run: 1/3]
----------
train Loss: 1.4399 Acc: 0.4938
val Loss: 1.2091 Acc: 0.5550
Best val Acc: 0.555000 in Epoch: 1

Epoch 2/99 [Duration: 0m 35s] [Run: 1/3]
----------
train Loss: 1.2056 Acc: 0.5863
val Loss: 1.1853 Acc: 0.6050
Best val Acc: 0.605000 in Epoch: 2

Epoch 3/99 [Duration: 0m 53s] [Run: 1/3]
----------
train Loss: 1.1698 Acc: 0.5938
val Loss: 1.1441 Acc: 0.5550
Best val Acc: 0.605000 in Epoch: 2

Epoch 4/99 [Duration: 1m 11s] [Run: 1/3]
----------
train Loss: 1.0812 Acc: 0.6225
val Loss: 1.0564 Acc: 0.6100
Best val Acc: 0.610000 in Epoch: 4

Epoch 5/99 [Duration: 1m 29s] [Run: 1/3]
----------
train Loss: 1.0672 Acc: 0.6525
val Loss: 1.0126 Acc: 0.6600
Best val Acc: 0.660000 in Epoch: 5

Epoch 6/99 [Duration: 1m 47s] [Run: 1/3]
----------
train Loss: 0.9454 Acc: 0.6925
val Loss: 1.1487 Acc: 0.6650
Best val Acc: 0.665000 in Epoch: 6

Epoch 7/99 [Duration: 2m 5s] [Run: 1/3]
----------
train Loss: 1.0011 Acc: 0.6613
val Loss: 1.0580 Acc: 0.6300
Best val Acc: 0.665000 in Epoch: 6

Epoch 8/99 [Duration: 2m 22s] [Run: 1/3]
----------
train Loss: 0.9389 Acc: 0.6775
val Loss: 1.2176 Acc: 0.6200
Best val Acc: 0.665000 in Epoch: 6

Epoch 9/99 [Duration: 2m 40s] [Run: 1/3]
----------
train Loss: 0.8441 Acc: 0.7137
val Loss: 0.9713 Acc: 0.7000
Best val Acc: 0.700000 in Epoch: 9

Epoch 10/99 [Duration: 2m 58s] [Run: 1/3]
----------
train Loss: 0.9318 Acc: 0.6638
val Loss: 1.0300 Acc: 0.6650
Best val Acc: 0.700000 in Epoch: 9

Epoch 11/99 [Duration: 3m 16s] [Run: 1/3]
----------
train Loss: 0.9625 Acc: 0.6775
val Loss: 0.9694 Acc: 0.6650
Best val Acc: 0.700000 in Epoch: 9

Epoch 12/99 [Duration: 3m 34s] [Run: 1/3]
----------
train Loss: 0.8327 Acc: 0.7238
val Loss: 1.0290 Acc: 0.6650
Best val Acc: 0.700000 in Epoch: 9

Epoch 13/99 [Duration: 3m 51s] [Run: 1/3]
----------
train Loss: 0.8468 Acc: 0.7225
val Loss: 0.8935 Acc: 0.6950
Best val Acc: 0.700000 in Epoch: 9

Epoch 14/99 [Duration: 4m 9s] [Run: 1/3]
----------
train Loss: 0.8487 Acc: 0.7125
val Loss: 0.8526 Acc: 0.7150
Best val Acc: 0.715000 in Epoch: 14

Epoch 15/99 [Duration: 4m 27s] [Run: 1/3]
----------
train Loss: 0.8541 Acc: 0.7113
val Loss: 0.9930 Acc: 0.6650
Best val Acc: 0.715000 in Epoch: 14

Epoch 16/99 [Duration: 4m 45s] [Run: 1/3]
----------
train Loss: 0.8286 Acc: 0.7200
val Loss: 1.1219 Acc: 0.6200
Best val Acc: 0.715000 in Epoch: 14

Epoch 17/99 [Duration: 5m 3s] [Run: 1/3]
----------
train Loss: 0.9415 Acc: 0.6887
val Loss: 1.1368 Acc: 0.6100
Best val Acc: 0.715000 in Epoch: 14

Epoch 18/99 [Duration: 5m 21s] [Run: 1/3]
----------
train Loss: 0.8804 Acc: 0.7225
val Loss: 1.0124 Acc: 0.6500
Best val Acc: 0.715000 in Epoch: 14

Epoch 19/99 [Duration: 5m 38s] [Run: 1/3]
----------
train Loss: 0.9008 Acc: 0.7037
val Loss: 0.9978 Acc: 0.6800
Best val Acc: 0.715000 in Epoch: 14

Epoch 20/99 [Duration: 5m 56s] [Run: 1/3]
----------
train Loss: 0.8490 Acc: 0.7150
val Loss: 1.0891 Acc: 0.6200
Best val Acc: 0.715000 in Epoch: 14

Epoch 21/99 [Duration: 6m 14s] [Run: 1/3]
----------
train Loss: 0.9139 Acc: 0.7087
val Loss: 1.0173 Acc: 0.6650
Best val Acc: 0.715000 in Epoch: 14

Epoch 22/99 [Duration: 6m 32s] [Run: 1/3]
----------
train Loss: 0.8355 Acc: 0.7388
val Loss: 0.9919 Acc: 0.6850
Best val Acc: 0.715000 in Epoch: 14

Epoch 23/99 [Duration: 6m 50s] [Run: 1/3]
----------
train Loss: 0.8101 Acc: 0.7313
val Loss: 1.2826 Acc: 0.6350
Best val Acc: 0.715000 in Epoch: 14

Epoch 24/99 [Duration: 7m 8s] [Run: 1/3]
----------
train Loss: 0.8445 Acc: 0.7300
val Loss: 1.0091 Acc: 0.6300
Best val Acc: 0.715000 in Epoch: 14

Epoch 25/99 [Duration: 7m 25s] [Run: 1/3]
----------
train Loss: 0.8921 Acc: 0.6937
val Loss: 0.9983 Acc: 0.6500
Best val Acc: 0.715000 in Epoch: 14

Epoch 26/99 [Duration: 7m 43s] [Run: 1/3]
----------
train Loss: 0.8578 Acc: 0.7163
val Loss: 1.0605 Acc: 0.6000
Best val Acc: 0.715000 in Epoch: 14

Epoch 27/99 [Duration: 8m 1s] [Run: 1/3]
----------
train Loss: 0.8051 Acc: 0.7288
val Loss: 1.3170 Acc: 0.6100
Best val Acc: 0.715000 in Epoch: 14

Epoch 28/99 [Duration: 8m 19s] [Run: 1/3]
----------
train Loss: 0.8707 Acc: 0.7163
val Loss: 1.1226 Acc: 0.6250
Best val Acc: 0.715000 in Epoch: 14

Epoch 29/99 [Duration: 8m 36s] [Run: 1/3]
----------
train Loss: 0.8802 Acc: 0.7063
val Loss: 1.0478 Acc: 0.6500
Best val Acc: 0.715000 in Epoch: 14

Epoch 30/99 [Duration: 8m 54s] [Run: 1/3]
----------
train Loss: 0.8350 Acc: 0.7213
val Loss: 0.9222 Acc: 0.6850
Best val Acc: 0.715000 in Epoch: 14

Epoch 31/99 [Duration: 9m 12s] [Run: 1/3]
----------
train Loss: 0.8707 Acc: 0.7150
val Loss: 1.1777 Acc: 0.6350
Best val Acc: 0.715000 in Epoch: 14

Epoch 32/99 [Duration: 9m 30s] [Run: 1/3]
----------
train Loss: 0.8544 Acc: 0.7200
val Loss: 1.0057 Acc: 0.6450
Best val Acc: 0.715000 in Epoch: 14

Epoch 33/99 [Duration: 9m 47s] [Run: 1/3]
----------
train Loss: 0.8567 Acc: 0.7250
val Loss: 1.0506 Acc: 0.6100
Best val Acc: 0.715000 in Epoch: 14

Epoch 34/99 [Duration: 10m 5s] [Run: 1/3]
----------
train Loss: 0.8592 Acc: 0.7125
val Loss: 1.1786 Acc: 0.6150
Best val Acc: 0.715000 in Epoch: 14

Epoch 35/99 [Duration: 10m 23s] [Run: 1/3]
----------
train Loss: 0.8582 Acc: 0.7200
val Loss: 1.8474 Acc: 0.5550
Best val Acc: 0.715000 in Epoch: 14

Epoch 36/99 [Duration: 10m 41s] [Run: 1/3]
----------
train Loss: 0.9217 Acc: 0.7013
val Loss: 1.1271 Acc: 0.6400
Best val Acc: 0.715000 in Epoch: 14

Epoch 37/99 [Duration: 10m 59s] [Run: 1/3]
----------
train Loss: 0.8092 Acc: 0.7175
val Loss: 1.0126 Acc: 0.6700
Best val Acc: 0.715000 in Epoch: 14

Epoch 38/99 [Duration: 11m 17s] [Run: 1/3]
----------
train Loss: 0.9134 Acc: 0.6887
val Loss: 1.6490 Acc: 0.5000
Best val Acc: 0.715000 in Epoch: 14

Epoch 39/99 [Duration: 11m 35s] [Run: 1/3]
----------
train Loss: 0.8347 Acc: 0.7213
val Loss: 1.0736 Acc: 0.5950
Best val Acc: 0.715000 in Epoch: 14

Epoch 40/99 [Duration: 11m 52s] [Run: 1/3]
----------
train Loss: 0.8799 Acc: 0.7087
val Loss: 1.1311 Acc: 0.6300
Best val Acc: 0.715000 in Epoch: 14

Epoch 41/99 [Duration: 12m 10s] [Run: 1/3]
----------
train Loss: 0.8669 Acc: 0.7163
val Loss: 1.5276 Acc: 0.6150
Best val Acc: 0.715000 in Epoch: 14

Epoch 42/99 [Duration: 12m 28s] [Run: 1/3]
----------
train Loss: 0.8180 Acc: 0.7263
val Loss: 1.4652 Acc: 0.5750
Best val Acc: 0.715000 in Epoch: 14

Epoch 43/99 [Duration: 12m 46s] [Run: 1/3]
----------
train Loss: 0.8438 Acc: 0.7137
val Loss: 1.1404 Acc: 0.6350
Best val Acc: 0.715000 in Epoch: 14

Epoch 44/99 [Duration: 13m 4s] [Run: 1/3]
----------
train Loss: 0.8629 Acc: 0.7175
val Loss: 1.0112 Acc: 0.6700
Best val Acc: 0.715000 in Epoch: 14

Epoch 45/99 [Duration: 13m 22s] [Run: 1/3]
----------
train Loss: 0.8993 Acc: 0.7063
val Loss: 1.2591 Acc: 0.5800
Best val Acc: 0.715000 in Epoch: 14

Epoch 46/99 [Duration: 13m 40s] [Run: 1/3]
----------
train Loss: 0.8835 Acc: 0.7075
val Loss: 0.8583 Acc: 0.6800
Best val Acc: 0.715000 in Epoch: 14

Epoch 47/99 [Duration: 13m 58s] [Run: 1/3]
----------
train Loss: 0.8477 Acc: 0.7137
val Loss: 1.0119 Acc: 0.6500
Best val Acc: 0.715000 in Epoch: 14

Epoch 48/99 [Duration: 14m 16s] [Run: 1/3]
----------
train Loss: 0.7565 Acc: 0.7562
val Loss: 1.0299 Acc: 0.6500
Best val Acc: 0.715000 in Epoch: 14

Epoch 49/99 [Duration: 14m 34s] [Run: 1/3]
----------
train Loss: 0.7902 Acc: 0.7475
val Loss: 0.8928 Acc: 0.6750
Best val Acc: 0.715000 in Epoch: 14

Epoch 50/99 [Duration: 14m 52s] [Run: 1/3]
----------
train Loss: 0.8237 Acc: 0.7388
val Loss: 1.1495 Acc: 0.6600
Best val Acc: 0.715000 in Epoch: 14

Epoch 51/99 [Duration: 15m 10s] [Run: 1/3]
----------
train Loss: 0.8575 Acc: 0.7100
val Loss: 0.8668 Acc: 0.6800
Best val Acc: 0.715000 in Epoch: 14

Epoch 52/99 [Duration: 15m 28s] [Run: 1/3]
----------
train Loss: 0.7767 Acc: 0.7562
val Loss: 0.9881 Acc: 0.6550
Best val Acc: 0.715000 in Epoch: 14

Epoch 53/99 [Duration: 15m 46s] [Run: 1/3]
----------
train Loss: 0.9463 Acc: 0.6813
val Loss: 1.0815 Acc: 0.6650
Best val Acc: 0.715000 in Epoch: 14

Epoch 54/99 [Duration: 16m 3s] [Run: 1/3]
----------
train Loss: 0.8899 Acc: 0.7037
val Loss: 1.3412 Acc: 0.6000
Best val Acc: 0.715000 in Epoch: 14

Epoch 55/99 [Duration: 16m 21s] [Run: 1/3]
----------
train Loss: 0.8265 Acc: 0.7275
val Loss: 0.8812 Acc: 0.7050
Best val Acc: 0.715000 in Epoch: 14

Epoch 56/99 [Duration: 16m 39s] [Run: 1/3]
----------
train Loss: 0.7433 Acc: 0.7575
val Loss: 0.9481 Acc: 0.6850
Best val Acc: 0.715000 in Epoch: 14

Epoch 57/99 [Duration: 16m 57s] [Run: 1/3]
----------
train Loss: 0.8317 Acc: 0.7213
val Loss: 1.1054 Acc: 0.6650
Best val Acc: 0.715000 in Epoch: 14

Epoch 58/99 [Duration: 17m 15s] [Run: 1/3]
----------
train Loss: 0.8537 Acc: 0.7163
val Loss: 0.9361 Acc: 0.6750
Best val Acc: 0.715000 in Epoch: 14

Epoch 59/99 [Duration: 17m 33s] [Run: 1/3]
----------
train Loss: 0.8592 Acc: 0.7163
val Loss: 3.7116 Acc: 0.4950
Best val Acc: 0.715000 in Epoch: 14

Epoch 60/99 [Duration: 17m 51s] [Run: 1/3]
----------
train Loss: 0.7779 Acc: 0.7325
val Loss: 0.9712 Acc: 0.6600
Best val Acc: 0.715000 in Epoch: 14

Epoch 61/99 [Duration: 18m 9s] [Run: 1/3]
----------
train Loss: 0.8622 Acc: 0.7013
val Loss: 1.0871 Acc: 0.6350
Best val Acc: 0.715000 in Epoch: 14

Epoch 62/99 [Duration: 18m 27s] [Run: 1/3]
----------
train Loss: 0.7979 Acc: 0.7375
val Loss: 0.9008 Acc: 0.6750
Best val Acc: 0.715000 in Epoch: 14

Epoch 63/99 [Duration: 18m 45s] [Run: 1/3]
----------
train Loss: 0.7708 Acc: 0.7462
val Loss: 0.9448 Acc: 0.7000
Best val Acc: 0.715000 in Epoch: 14

Epoch 64/99 [Duration: 19m 2s] [Run: 1/3]
----------
train Loss: 0.8394 Acc: 0.7075
val Loss: 0.8709 Acc: 0.6900
Best val Acc: 0.715000 in Epoch: 14

Epoch 65/99 [Duration: 19m 20s] [Run: 1/3]
----------
train Loss: 0.7331 Acc: 0.7575
val Loss: 1.0915 Acc: 0.6550
Best val Acc: 0.715000 in Epoch: 14

Epoch 66/99 [Duration: 19m 38s] [Run: 1/3]
----------
train Loss: 0.8538 Acc: 0.7175
val Loss: 1.1273 Acc: 0.5950
Best val Acc: 0.715000 in Epoch: 14

Epoch 67/99 [Duration: 19m 56s] [Run: 1/3]
----------
train Loss: 0.7283 Acc: 0.7612
val Loss: 1.2627 Acc: 0.6300
Best val Acc: 0.715000 in Epoch: 14

Epoch 68/99 [Duration: 20m 14s] [Run: 1/3]
----------
train Loss: 0.8317 Acc: 0.7175
val Loss: 1.3525 Acc: 0.5800
Best val Acc: 0.715000 in Epoch: 14

Epoch 69/99 [Duration: 20m 32s] [Run: 1/3]
----------
train Loss: 0.8196 Acc: 0.7238
val Loss: 1.4212 Acc: 0.5950
Best val Acc: 0.715000 in Epoch: 14

Epoch 70/99 [Duration: 20m 50s] [Run: 1/3]
----------
train Loss: 0.8103 Acc: 0.7462
val Loss: 0.9173 Acc: 0.6950
Best val Acc: 0.715000 in Epoch: 14

Epoch 71/99 [Duration: 21m 8s] [Run: 1/3]
----------
train Loss: 0.7788 Acc: 0.7388
val Loss: 1.1383 Acc: 0.6500
Best val Acc: 0.715000 in Epoch: 14

Epoch 72/99 [Duration: 21m 25s] [Run: 1/3]
----------
train Loss: 0.7267 Acc: 0.7762
val Loss: 0.9710 Acc: 0.6750
Best val Acc: 0.715000 in Epoch: 14

Epoch 73/99 [Duration: 21m 43s] [Run: 1/3]
----------
train Loss: 0.7629 Acc: 0.7288
val Loss: 1.1059 Acc: 0.6300
Best val Acc: 0.715000 in Epoch: 14

Epoch 74/99 [Duration: 22m 1s] [Run: 1/3]
----------
train Loss: 0.7944 Acc: 0.7362
val Loss: 0.8914 Acc: 0.7150
Best val Acc: 0.715000 in Epoch: 14

Epoch 75/99 [Duration: 22m 19s] [Run: 1/3]
----------
train Loss: 0.6967 Acc: 0.7738
val Loss: 1.0770 Acc: 0.6500
Best val Acc: 0.715000 in Epoch: 14

Epoch 76/99 [Duration: 22m 37s] [Run: 1/3]
----------
train Loss: 0.7770 Acc: 0.7350
val Loss: 0.7449 Acc: 0.7550
Best val Acc: 0.755000 in Epoch: 76

Epoch 77/99 [Duration: 22m 55s] [Run: 1/3]
----------
train Loss: 0.7393 Acc: 0.7600
val Loss: 0.9688 Acc: 0.7000
Best val Acc: 0.755000 in Epoch: 76

Epoch 78/99 [Duration: 23m 13s] [Run: 1/3]
----------
train Loss: 0.7043 Acc: 0.7488
val Loss: 1.0987 Acc: 0.6750
Best val Acc: 0.755000 in Epoch: 76

Epoch 79/99 [Duration: 23m 31s] [Run: 1/3]
----------
train Loss: 0.6930 Acc: 0.7625
val Loss: 1.0967 Acc: 0.6550
Best val Acc: 0.755000 in Epoch: 76

Epoch 80/99 [Duration: 23m 48s] [Run: 1/3]
----------
train Loss: 0.7080 Acc: 0.7688
val Loss: 1.0455 Acc: 0.6750
Best val Acc: 0.755000 in Epoch: 76

Epoch 81/99 [Duration: 24m 6s] [Run: 1/3]
----------
train Loss: 0.7131 Acc: 0.7450
val Loss: 1.0209 Acc: 0.6500
Best val Acc: 0.755000 in Epoch: 76

Epoch 82/99 [Duration: 24m 25s] [Run: 1/3]
----------
train Loss: 0.6858 Acc: 0.7775
val Loss: 1.0256 Acc: 0.6650
Best val Acc: 0.755000 in Epoch: 76

Epoch 83/99 [Duration: 24m 43s] [Run: 1/3]
----------
train Loss: 0.6961 Acc: 0.7712
val Loss: 1.1203 Acc: 0.6650
Best val Acc: 0.755000 in Epoch: 76

Epoch 84/99 [Duration: 25m 1s] [Run: 1/3]
----------
train Loss: 0.7506 Acc: 0.7462
val Loss: 0.8452 Acc: 0.7300
Best val Acc: 0.755000 in Epoch: 76

Epoch 85/99 [Duration: 25m 19s] [Run: 1/3]
----------
train Loss: 0.8407 Acc: 0.7362
val Loss: 1.2109 Acc: 0.5950
Best val Acc: 0.755000 in Epoch: 76

Epoch 86/99 [Duration: 25m 36s] [Run: 1/3]
----------
train Loss: 0.6889 Acc: 0.7788
val Loss: 0.9733 Acc: 0.6850
Best val Acc: 0.755000 in Epoch: 76

Epoch 87/99 [Duration: 25m 54s] [Run: 1/3]
----------
train Loss: 0.7874 Acc: 0.7313
val Loss: 0.9220 Acc: 0.7100
Best val Acc: 0.755000 in Epoch: 76

Epoch 88/99 [Duration: 26m 12s] [Run: 1/3]
----------
train Loss: 0.6733 Acc: 0.7700
val Loss: 1.0382 Acc: 0.6900
Best val Acc: 0.755000 in Epoch: 76

Epoch 89/99 [Duration: 26m 30s] [Run: 1/3]
----------
train Loss: 0.7096 Acc: 0.7588
val Loss: 0.9809 Acc: 0.6650
Best val Acc: 0.755000 in Epoch: 76

Epoch 90/99 [Duration: 26m 48s] [Run: 1/3]
----------
train Loss: 0.7006 Acc: 0.7662
val Loss: 1.0483 Acc: 0.6300
Best val Acc: 0.755000 in Epoch: 76

Epoch 91/99 [Duration: 27m 5s] [Run: 1/3]
----------
train Loss: 0.6204 Acc: 0.7975
val Loss: 0.9166 Acc: 0.7050
Best val Acc: 0.755000 in Epoch: 76

Epoch 92/99 [Duration: 27m 23s] [Run: 1/3]
----------
train Loss: 0.6864 Acc: 0.7562
val Loss: 1.3986 Acc: 0.6350
Best val Acc: 0.755000 in Epoch: 76

Epoch 93/99 [Duration: 27m 41s] [Run: 1/3]
----------
train Loss: 0.7899 Acc: 0.7350
val Loss: 1.0443 Acc: 0.6600
Best val Acc: 0.755000 in Epoch: 76

Epoch 94/99 [Duration: 27m 59s] [Run: 1/3]
----------
train Loss: 0.6195 Acc: 0.8037
val Loss: 0.8843 Acc: 0.6800
Best val Acc: 0.755000 in Epoch: 76

Epoch 95/99 [Duration: 28m 16s] [Run: 1/3]
----------
train Loss: 0.6762 Acc: 0.7688
val Loss: 1.2689 Acc: 0.6000
Best val Acc: 0.755000 in Epoch: 76

Epoch 96/99 [Duration: 28m 34s] [Run: 1/3]
----------
train Loss: 0.6159 Acc: 0.8000
val Loss: 1.1133 Acc: 0.6900
Best val Acc: 0.755000 in Epoch: 76

Epoch 97/99 [Duration: 28m 52s] [Run: 1/3]
----------
train Loss: 0.6919 Acc: 0.7850
val Loss: 1.3846 Acc: 0.5500
Best val Acc: 0.755000 in Epoch: 76

Epoch 98/99 [Duration: 29m 9s] [Run: 1/3]
----------
train Loss: 0.7449 Acc: 0.7512
val Loss: 1.4471 Acc: 0.5650
Best val Acc: 0.755000 in Epoch: 76

Epoch 99/99 [Duration: 29m 27s] [Run: 1/3]
----------
train Loss: 0.6414 Acc: 0.7875
val Loss: 0.8294 Acc: 0.7400
Best val Acc: 0.755000 in Epoch: 76

Training complete in 29m 45s
Best val Acc: 0.755000 in Epoch: 76
Testing on device: cuda:0
Testing complete in 2m 36s [Run: 1/3]
Accuracy of the network on the 2482 test images: 76.7526 %
Accuracy of ADVE : 85.3846 %
Accuracy of Email : 94.1884 %
Accuracy of Form : 88.2175 %
Accuracy of Letter : 74.3041 %
Accuracy of Memo : 72.8846 %
Accuracy of News : 95.4545 %
Accuracy of Note : 78.2178 %
Accuracy of Report : 27.2727 %
Accuracy of Resume : 65.0000 %
Accuracy of Scientific : 52.7950 %

Creating new dataset with seed: 1338 at: datasets/Tobacco_test/1/
Removed dir datasets/Tobacco_test/1/test
Removed dir datasets/Tobacco_test/1/train
Removed dir datasets/Tobacco_test/1/val
Tobacco random state: 1338
Done copying train to datasets/Tobacco_test/1/
Done copying val to datasets/Tobacco_test/1/
Done copying test to datasets/Tobacco_test/1/
Initializing rectangular Datasets and Dataloaders...
Target resolution: (480, 640)
Loading dataset from path datasets/Tobacco_test/1/
Params to learn:
	 conv1.weight
	 bn1.weight
	 bn1.bias
	 layer1.0.conv1.weight
	 layer1.0.bn1.weight
	 layer1.0.bn1.bias
	 layer1.0.conv2.weight
	 layer1.0.bn2.weight
	 layer1.0.bn2.bias
	 layer1.1.conv1.weight
	 layer1.1.bn1.weight
	 layer1.1.bn1.bias
	 layer1.1.conv2.weight
	 layer1.1.bn2.weight
	 layer1.1.bn2.bias
	 layer2.0.conv1.weight
	 layer2.0.bn1.weight
	 layer2.0.bn1.bias
	 layer2.0.conv2.weight
	 layer2.0.bn2.weight
	 layer2.0.bn2.bias
	 layer2.0.downsample.0.weight
	 layer2.0.downsample.1.weight
	 layer2.0.downsample.1.bias
	 layer2.1.conv1.weight
	 layer2.1.bn1.weight
	 layer2.1.bn1.bias
	 layer2.1.conv2.weight
	 layer2.1.bn2.weight
	 layer2.1.bn2.bias
	 layer3.0.conv1.weight
	 layer3.0.bn1.weight
	 layer3.0.bn1.bias
	 layer3.0.conv2.weight
	 layer3.0.bn2.weight
	 layer3.0.bn2.bias
	 layer3.0.downsample.0.weight
	 layer3.0.downsample.1.weight
	 layer3.0.downsample.1.bias
	 layer3.1.conv1.weight
	 layer3.1.bn1.weight
	 layer3.1.bn1.bias
	 layer3.1.conv2.weight
	 layer3.1.bn2.weight
	 layer3.1.bn2.bias
	 layer4.0.conv1.weight
	 layer4.0.bn1.weight
	 layer4.0.bn1.bias
	 layer4.0.conv2.weight
	 layer4.0.bn2.weight
	 layer4.0.bn2.bias
	 layer4.0.downsample.0.weight
	 layer4.0.downsample.1.weight
	 layer4.0.downsample.1.bias
	 layer4.1.conv1.weight
	 layer4.1.bn1.weight
	 layer4.1.bn1.bias
	 layer4.1.conv2.weight
	 layer4.1.bn2.weight
	 layer4.1.bn2.bias
	 fc.1.weight
	 fc.1.bias
	 fc.4.weight
	 fc.4.bias
Using learning rate 0.0001 and weight decay 0.1
Training on device: cuda:0
Epoch 0/99 [Duration: 0m 0s] [Run: 2/3]
----------
train Loss: 4.9363 Acc: 0.3275
val Loss: 1.2664 Acc: 0.5900
Best val Acc: 0.590000 in Epoch: 0

Epoch 1/99 [Duration: 0m 19s] [Run: 2/3]
----------
train Loss: 1.3679 Acc: 0.5225
val Loss: 1.2869 Acc: 0.5900
Best val Acc: 0.590000 in Epoch: 0

Epoch 2/99 [Duration: 0m 36s] [Run: 2/3]
----------
train Loss: 1.2562 Acc: 0.5875
val Loss: 1.2328 Acc: 0.6300
Best val Acc: 0.630000 in Epoch: 2

Epoch 3/99 [Duration: 0m 54s] [Run: 2/3]
----------
train Loss: 1.1634 Acc: 0.6150
val Loss: 1.0292 Acc: 0.6800
Best val Acc: 0.680000 in Epoch: 3

Epoch 4/99 [Duration: 1m 12s] [Run: 2/3]
----------
train Loss: 1.0614 Acc: 0.6300
val Loss: 0.9279 Acc: 0.6850
Best val Acc: 0.685000 in Epoch: 4

Epoch 5/99 [Duration: 1m 30s] [Run: 2/3]
----------
train Loss: 1.0344 Acc: 0.6500
val Loss: 1.1177 Acc: 0.6550
Best val Acc: 0.685000 in Epoch: 4

Epoch 6/99 [Duration: 1m 49s] [Run: 2/3]
----------
train Loss: 0.9729 Acc: 0.6825
val Loss: 0.9352 Acc: 0.6700
Best val Acc: 0.685000 in Epoch: 4

Epoch 7/99 [Duration: 2m 7s] [Run: 2/3]
----------
train Loss: 0.8608 Acc: 0.7263
val Loss: 0.8564 Acc: 0.7050
Best val Acc: 0.705000 in Epoch: 7

Epoch 8/99 [Duration: 2m 25s] [Run: 2/3]
----------
train Loss: 0.9138 Acc: 0.7087
val Loss: 1.0819 Acc: 0.6550
Best val Acc: 0.705000 in Epoch: 7

Epoch 9/99 [Duration: 2m 43s] [Run: 2/3]
----------
train Loss: 0.9528 Acc: 0.6613
val Loss: 0.8547 Acc: 0.7300
Best val Acc: 0.730000 in Epoch: 9

Epoch 10/99 [Duration: 3m 1s] [Run: 2/3]
----------
train Loss: 0.8578 Acc: 0.7037
val Loss: 1.1576 Acc: 0.5950
Best val Acc: 0.730000 in Epoch: 9

Epoch 11/99 [Duration: 3m 19s] [Run: 2/3]
----------
train Loss: 0.8954 Acc: 0.7113
val Loss: 1.0582 Acc: 0.6300
Best val Acc: 0.730000 in Epoch: 9

Epoch 12/99 [Duration: 3m 37s] [Run: 2/3]
----------
train Loss: 0.8676 Acc: 0.7213
val Loss: 1.0766 Acc: 0.6850
Best val Acc: 0.730000 in Epoch: 9

Epoch 13/99 [Duration: 3m 56s] [Run: 2/3]
----------
train Loss: 0.8651 Acc: 0.7000
val Loss: 1.0001 Acc: 0.6900
Best val Acc: 0.730000 in Epoch: 9

Epoch 14/99 [Duration: 4m 14s] [Run: 2/3]
----------
train Loss: 0.8743 Acc: 0.6925
val Loss: 1.0920 Acc: 0.6700
Best val Acc: 0.730000 in Epoch: 9

Epoch 15/99 [Duration: 4m 32s] [Run: 2/3]
----------
train Loss: 0.8644 Acc: 0.7113
val Loss: 0.8591 Acc: 0.7350
Best val Acc: 0.735000 in Epoch: 15

Epoch 16/99 [Duration: 4m 50s] [Run: 2/3]
----------
train Loss: 0.7884 Acc: 0.7462
val Loss: 1.0963 Acc: 0.6400
Best val Acc: 0.735000 in Epoch: 15

Epoch 17/99 [Duration: 5m 8s] [Run: 2/3]
----------
train Loss: 0.8333 Acc: 0.7325
val Loss: 1.1381 Acc: 0.6250
Best val Acc: 0.735000 in Epoch: 15

Epoch 18/99 [Duration: 5m 26s] [Run: 2/3]
----------
train Loss: 0.9295 Acc: 0.6975
val Loss: 0.9801 Acc: 0.6950
Best val Acc: 0.735000 in Epoch: 15

Epoch 19/99 [Duration: 5m 44s] [Run: 2/3]
----------
train Loss: 0.8370 Acc: 0.7362
val Loss: 1.4580 Acc: 0.6500
Best val Acc: 0.735000 in Epoch: 15

Epoch 20/99 [Duration: 6m 2s] [Run: 2/3]
----------
train Loss: 0.8843 Acc: 0.7050
val Loss: 1.0187 Acc: 0.6700
Best val Acc: 0.735000 in Epoch: 15

Epoch 21/99 [Duration: 6m 20s] [Run: 2/3]
----------
train Loss: 0.8449 Acc: 0.7050
val Loss: 1.6649 Acc: 0.5850
Best val Acc: 0.735000 in Epoch: 15

Epoch 22/99 [Duration: 6m 38s] [Run: 2/3]
----------
train Loss: 0.9591 Acc: 0.6825
val Loss: 0.9806 Acc: 0.7050
Best val Acc: 0.735000 in Epoch: 15

Epoch 23/99 [Duration: 6m 56s] [Run: 2/3]
----------
train Loss: 0.7860 Acc: 0.7375
val Loss: 0.9261 Acc: 0.7150
Best val Acc: 0.735000 in Epoch: 15

Epoch 24/99 [Duration: 7m 14s] [Run: 2/3]
----------
train Loss: 0.8226 Acc: 0.7338
val Loss: 1.0644 Acc: 0.6700
Best val Acc: 0.735000 in Epoch: 15

Epoch 25/99 [Duration: 7m 33s] [Run: 2/3]
----------
train Loss: 0.8139 Acc: 0.7263
val Loss: 1.1140 Acc: 0.6350
Best val Acc: 0.735000 in Epoch: 15

Epoch 26/99 [Duration: 7m 51s] [Run: 2/3]
----------
train Loss: 0.8855 Acc: 0.7050
val Loss: 0.9898 Acc: 0.6650
Best val Acc: 0.735000 in Epoch: 15

Epoch 27/99 [Duration: 8m 9s] [Run: 2/3]
----------
train Loss: 0.8104 Acc: 0.7438
val Loss: 0.9898 Acc: 0.6850
Best val Acc: 0.735000 in Epoch: 15

Epoch 28/99 [Duration: 8m 27s] [Run: 2/3]
----------
train Loss: 0.9400 Acc: 0.6863
val Loss: 1.0019 Acc: 0.6700
Best val Acc: 0.735000 in Epoch: 15

Epoch 29/99 [Duration: 8m 45s] [Run: 2/3]
----------
train Loss: 0.9366 Acc: 0.6700
val Loss: 1.0977 Acc: 0.6050
Best val Acc: 0.735000 in Epoch: 15

Epoch 30/99 [Duration: 9m 3s] [Run: 2/3]
----------
train Loss: 0.8618 Acc: 0.7125
val Loss: 1.0570 Acc: 0.6550
Best val Acc: 0.735000 in Epoch: 15

Epoch 31/99 [Duration: 9m 21s] [Run: 2/3]
----------
train Loss: 0.8565 Acc: 0.7213
val Loss: 0.8171 Acc: 0.7050
Best val Acc: 0.735000 in Epoch: 15

Epoch 32/99 [Duration: 9m 39s] [Run: 2/3]
----------
train Loss: 0.8740 Acc: 0.6963
val Loss: 0.9794 Acc: 0.7350
Best val Acc: 0.735000 in Epoch: 15

Epoch 33/99 [Duration: 9m 57s] [Run: 2/3]
----------
train Loss: 0.8052 Acc: 0.7338
val Loss: 0.8960 Acc: 0.6950
Best val Acc: 0.735000 in Epoch: 15

Epoch 34/99 [Duration: 10m 15s] [Run: 2/3]
----------
train Loss: 0.8735 Acc: 0.6963
val Loss: 1.0953 Acc: 0.6200
Best val Acc: 0.735000 in Epoch: 15

Epoch 35/99 [Duration: 10m 34s] [Run: 2/3]
----------
train Loss: 0.8451 Acc: 0.7113
val Loss: 1.2994 Acc: 0.5950
Best val Acc: 0.735000 in Epoch: 15

Epoch 36/99 [Duration: 10m 52s] [Run: 2/3]
----------
train Loss: 0.8808 Acc: 0.6987
val Loss: 0.9685 Acc: 0.6800
Best val Acc: 0.735000 in Epoch: 15

Epoch 37/99 [Duration: 11m 9s] [Run: 2/3]
----------
train Loss: 0.7879 Acc: 0.7188
val Loss: 0.8695 Acc: 0.7100
Best val Acc: 0.735000 in Epoch: 15

Epoch 38/99 [Duration: 11m 28s] [Run: 2/3]
----------
train Loss: 0.8317 Acc: 0.7225
val Loss: 1.0456 Acc: 0.6550
Best val Acc: 0.735000 in Epoch: 15

Epoch 39/99 [Duration: 11m 46s] [Run: 2/3]
----------
train Loss: 0.8921 Acc: 0.7063
val Loss: 1.1038 Acc: 0.7100
Best val Acc: 0.735000 in Epoch: 15

Epoch 40/99 [Duration: 12m 4s] [Run: 2/3]
----------
train Loss: 0.8159 Acc: 0.7275
val Loss: 1.1732 Acc: 0.6300
Best val Acc: 0.735000 in Epoch: 15

Epoch 41/99 [Duration: 12m 22s] [Run: 2/3]
----------
train Loss: 0.8671 Acc: 0.7013
val Loss: 1.7593 Acc: 0.6150
Best val Acc: 0.735000 in Epoch: 15

Epoch 42/99 [Duration: 12m 40s] [Run: 2/3]
----------
train Loss: 0.8591 Acc: 0.7313
val Loss: 1.0388 Acc: 0.6550
Best val Acc: 0.735000 in Epoch: 15

Epoch 43/99 [Duration: 12m 59s] [Run: 2/3]
----------
train Loss: 0.8519 Acc: 0.7175
val Loss: 1.0006 Acc: 0.6600
Best val Acc: 0.735000 in Epoch: 15

Epoch 44/99 [Duration: 13m 17s] [Run: 2/3]
----------
train Loss: 0.8375 Acc: 0.7200
val Loss: 1.3470 Acc: 0.6300
Best val Acc: 0.735000 in Epoch: 15

Epoch 45/99 [Duration: 13m 36s] [Run: 2/3]
----------
train Loss: 0.7859 Acc: 0.7313
val Loss: 0.8564 Acc: 0.7450
Best val Acc: 0.745000 in Epoch: 45

Epoch 46/99 [Duration: 13m 54s] [Run: 2/3]
----------
train Loss: 0.7549 Acc: 0.7588
val Loss: 1.2133 Acc: 0.6200
Best val Acc: 0.745000 in Epoch: 45

Epoch 47/99 [Duration: 14m 12s] [Run: 2/3]
----------
train Loss: 0.8522 Acc: 0.7100
val Loss: 1.1900 Acc: 0.6200
Best val Acc: 0.745000 in Epoch: 45

Epoch 48/99 [Duration: 14m 30s] [Run: 2/3]
----------
train Loss: 0.8494 Acc: 0.7075
val Loss: 1.3810 Acc: 0.6450
Best val Acc: 0.745000 in Epoch: 45

Epoch 49/99 [Duration: 14m 48s] [Run: 2/3]
----------
train Loss: 0.8380 Acc: 0.7213
val Loss: 0.8784 Acc: 0.6850
Best val Acc: 0.745000 in Epoch: 45

Epoch 50/99 [Duration: 15m 6s] [Run: 2/3]
----------
train Loss: 0.8056 Acc: 0.7238
val Loss: 1.1583 Acc: 0.6200
Best val Acc: 0.745000 in Epoch: 45

Epoch 51/99 [Duration: 15m 24s] [Run: 2/3]
----------
train Loss: 0.7751 Acc: 0.7338
val Loss: 1.0217 Acc: 0.6600
Best val Acc: 0.745000 in Epoch: 45

Epoch 52/99 [Duration: 15m 42s] [Run: 2/3]
----------
train Loss: 0.8923 Acc: 0.7100
val Loss: 0.7950 Acc: 0.7700
Best val Acc: 0.770000 in Epoch: 52

Epoch 53/99 [Duration: 16m 0s] [Run: 2/3]
----------
train Loss: 0.7650 Acc: 0.7425
val Loss: 1.1320 Acc: 0.6450
Best val Acc: 0.770000 in Epoch: 52

Epoch 54/99 [Duration: 16m 19s] [Run: 2/3]
----------
train Loss: 0.8297 Acc: 0.7250
val Loss: 0.9729 Acc: 0.7000
Best val Acc: 0.770000 in Epoch: 52

Epoch 55/99 [Duration: 16m 37s] [Run: 2/3]
----------
train Loss: 0.7364 Acc: 0.7588
val Loss: 0.9788 Acc: 0.7050
Best val Acc: 0.770000 in Epoch: 52

Epoch 56/99 [Duration: 16m 54s] [Run: 2/3]
----------
train Loss: 0.7843 Acc: 0.7388
val Loss: 1.3778 Acc: 0.6150
Best val Acc: 0.770000 in Epoch: 52

Epoch 57/99 [Duration: 17m 12s] [Run: 2/3]
----------
train Loss: 0.8437 Acc: 0.7000
val Loss: 0.9149 Acc: 0.7150
Best val Acc: 0.770000 in Epoch: 52

Epoch 58/99 [Duration: 17m 30s] [Run: 2/3]
----------
train Loss: 0.7607 Acc: 0.7475
val Loss: 1.0957 Acc: 0.6200
Best val Acc: 0.770000 in Epoch: 52

Epoch 59/99 [Duration: 17m 49s] [Run: 2/3]
----------
train Loss: 0.7818 Acc: 0.7425
val Loss: 1.1289 Acc: 0.6250
Best val Acc: 0.770000 in Epoch: 52

Epoch 60/99 [Duration: 18m 7s] [Run: 2/3]
----------
train Loss: 0.8831 Acc: 0.6975
val Loss: 1.0100 Acc: 0.6900
Best val Acc: 0.770000 in Epoch: 52

Epoch 61/99 [Duration: 18m 25s] [Run: 2/3]
----------
train Loss: 0.7737 Acc: 0.7475
val Loss: 1.1955 Acc: 0.6100
Best val Acc: 0.770000 in Epoch: 52

Epoch 62/99 [Duration: 18m 43s] [Run: 2/3]
----------
train Loss: 0.7264 Acc: 0.7625
val Loss: 1.1097 Acc: 0.6950
Best val Acc: 0.770000 in Epoch: 52

Epoch 63/99 [Duration: 19m 1s] [Run: 2/3]
----------
train Loss: 0.7962 Acc: 0.7300
val Loss: 0.9054 Acc: 0.7400
Best val Acc: 0.770000 in Epoch: 52

Epoch 64/99 [Duration: 19m 19s] [Run: 2/3]
----------
train Loss: 0.7239 Acc: 0.7712
val Loss: 1.1058 Acc: 0.6400
Best val Acc: 0.770000 in Epoch: 52

Epoch 65/99 [Duration: 19m 37s] [Run: 2/3]
----------
train Loss: 0.7520 Acc: 0.7412
val Loss: 0.9424 Acc: 0.7000
Best val Acc: 0.770000 in Epoch: 52

Epoch 66/99 [Duration: 19m 55s] [Run: 2/3]
----------
train Loss: 0.7728 Acc: 0.7512
val Loss: 1.1146 Acc: 0.6650
Best val Acc: 0.770000 in Epoch: 52

Epoch 67/99 [Duration: 20m 13s] [Run: 2/3]
----------
train Loss: 0.8409 Acc: 0.7000
val Loss: 1.1166 Acc: 0.6400
Best val Acc: 0.770000 in Epoch: 52

Epoch 68/99 [Duration: 20m 31s] [Run: 2/3]
----------
train Loss: 0.7845 Acc: 0.7450
val Loss: 1.1885 Acc: 0.5900
Best val Acc: 0.770000 in Epoch: 52

Epoch 69/99 [Duration: 20m 49s] [Run: 2/3]
----------
train Loss: 0.7780 Acc: 0.7450
val Loss: 0.8360 Acc: 0.7200
Best val Acc: 0.770000 in Epoch: 52

Epoch 70/99 [Duration: 21m 7s] [Run: 2/3]
----------
train Loss: 0.6977 Acc: 0.7375
val Loss: 1.1758 Acc: 0.6650
Best val Acc: 0.770000 in Epoch: 52

Epoch 71/99 [Duration: 21m 26s] [Run: 2/3]
----------
train Loss: 0.7578 Acc: 0.7525
val Loss: 1.1140 Acc: 0.6650
Best val Acc: 0.770000 in Epoch: 52

Epoch 72/99 [Duration: 21m 44s] [Run: 2/3]
----------
train Loss: 0.6733 Acc: 0.7800
val Loss: 0.8742 Acc: 0.7500
Best val Acc: 0.770000 in Epoch: 52

Epoch 73/99 [Duration: 22m 2s] [Run: 2/3]
----------
train Loss: 0.7519 Acc: 0.7462
val Loss: 1.0468 Acc: 0.6700
Best val Acc: 0.770000 in Epoch: 52

Epoch 74/99 [Duration: 22m 20s] [Run: 2/3]
----------
train Loss: 0.7293 Acc: 0.7550
val Loss: 1.1117 Acc: 0.6450
Best val Acc: 0.770000 in Epoch: 52

Epoch 75/99 [Duration: 22m 38s] [Run: 2/3]
----------
train Loss: 0.7989 Acc: 0.7288
val Loss: 1.3304 Acc: 0.5950
Best val Acc: 0.770000 in Epoch: 52

Epoch 76/99 [Duration: 22m 56s] [Run: 2/3]
----------
train Loss: 0.7494 Acc: 0.7575
val Loss: 1.5112 Acc: 0.5400
Best val Acc: 0.770000 in Epoch: 52

Epoch 77/99 [Duration: 23m 15s] [Run: 2/3]
----------
train Loss: 0.7154 Acc: 0.7525
val Loss: 0.9649 Acc: 0.7100
Best val Acc: 0.770000 in Epoch: 52

Epoch 78/99 [Duration: 23m 33s] [Run: 2/3]
----------
train Loss: 0.7286 Acc: 0.7462
val Loss: 0.9799 Acc: 0.6950
Best val Acc: 0.770000 in Epoch: 52

Epoch 79/99 [Duration: 23m 51s] [Run: 2/3]
----------
train Loss: 0.6948 Acc: 0.7600
val Loss: 1.1944 Acc: 0.6450
Best val Acc: 0.770000 in Epoch: 52

Epoch 80/99 [Duration: 24m 9s] [Run: 2/3]
----------
train Loss: 0.6535 Acc: 0.7812
val Loss: 0.8819 Acc: 0.7400
Best val Acc: 0.770000 in Epoch: 52

Epoch 81/99 [Duration: 24m 27s] [Run: 2/3]
----------
train Loss: 0.6862 Acc: 0.7625
val Loss: 0.9130 Acc: 0.7150
Best val Acc: 0.770000 in Epoch: 52

Epoch 82/99 [Duration: 24m 45s] [Run: 2/3]
----------
train Loss: 0.6962 Acc: 0.7612
val Loss: 1.0617 Acc: 0.6700
Best val Acc: 0.770000 in Epoch: 52

Epoch 83/99 [Duration: 25m 4s] [Run: 2/3]
----------
train Loss: 0.7320 Acc: 0.7575
val Loss: 1.1056 Acc: 0.6800
Best val Acc: 0.770000 in Epoch: 52

Epoch 84/99 [Duration: 25m 21s] [Run: 2/3]
----------
train Loss: 0.7015 Acc: 0.7600
val Loss: 0.9165 Acc: 0.7250
Best val Acc: 0.770000 in Epoch: 52

Epoch 85/99 [Duration: 25m 39s] [Run: 2/3]
----------
train Loss: 0.6726 Acc: 0.7725
val Loss: 1.2826 Acc: 0.6500
Best val Acc: 0.770000 in Epoch: 52

Epoch 86/99 [Duration: 25m 57s] [Run: 2/3]
----------
train Loss: 0.7352 Acc: 0.7550
val Loss: 1.0218 Acc: 0.6850
Best val Acc: 0.770000 in Epoch: 52

Epoch 87/99 [Duration: 26m 15s] [Run: 2/3]
----------
train Loss: 0.6889 Acc: 0.7725
val Loss: 0.9456 Acc: 0.7100
Best val Acc: 0.770000 in Epoch: 52

Epoch 88/99 [Duration: 26m 34s] [Run: 2/3]
----------
train Loss: 0.6128 Acc: 0.7900
val Loss: 1.0296 Acc: 0.6750
Best val Acc: 0.770000 in Epoch: 52

Epoch 89/99 [Duration: 26m 52s] [Run: 2/3]
----------
train Loss: 0.6767 Acc: 0.7712
val Loss: 0.9171 Acc: 0.6900
Best val Acc: 0.770000 in Epoch: 52

Epoch 90/99 [Duration: 27m 10s] [Run: 2/3]
----------
train Loss: 0.6959 Acc: 0.7688
val Loss: 1.0541 Acc: 0.6900
Best val Acc: 0.770000 in Epoch: 52

Epoch 91/99 [Duration: 27m 28s] [Run: 2/3]
----------
train Loss: 0.7054 Acc: 0.7612
val Loss: 1.3565 Acc: 0.6150
Best val Acc: 0.770000 in Epoch: 52

Epoch 92/99 [Duration: 27m 46s] [Run: 2/3]
----------
train Loss: 0.6791 Acc: 0.7863
val Loss: 1.4148 Acc: 0.6150
Best val Acc: 0.770000 in Epoch: 52

Epoch 93/99 [Duration: 28m 4s] [Run: 2/3]
----------
train Loss: 0.6355 Acc: 0.7775
val Loss: 0.9579 Acc: 0.6650
Best val Acc: 0.770000 in Epoch: 52

Epoch 94/99 [Duration: 28m 22s] [Run: 2/3]
----------
train Loss: 0.6691 Acc: 0.7688
val Loss: 1.0401 Acc: 0.6600
Best val Acc: 0.770000 in Epoch: 52

Epoch 95/99 [Duration: 28m 40s] [Run: 2/3]
----------
train Loss: 0.6736 Acc: 0.7712
val Loss: 1.0610 Acc: 0.6700
Best val Acc: 0.770000 in Epoch: 52

Epoch 96/99 [Duration: 28m 58s] [Run: 2/3]
----------
train Loss: 0.6325 Acc: 0.7888
val Loss: 0.9412 Acc: 0.7300
Best val Acc: 0.770000 in Epoch: 52

Epoch 97/99 [Duration: 29m 16s] [Run: 2/3]
----------
train Loss: 0.6747 Acc: 0.7775
val Loss: 0.8626 Acc: 0.7400
Best val Acc: 0.770000 in Epoch: 52

Epoch 98/99 [Duration: 29m 35s] [Run: 2/3]
----------
train Loss: 0.5952 Acc: 0.7938
val Loss: 0.9660 Acc: 0.6850
Best val Acc: 0.770000 in Epoch: 52

Epoch 99/99 [Duration: 29m 53s] [Run: 2/3]
----------
train Loss: 0.6495 Acc: 0.7938
val Loss: 0.9491 Acc: 0.6750
Best val Acc: 0.770000 in Epoch: 52

Training complete in 30m 11s
Best val Acc: 0.770000 in Epoch: 52
Testing on device: cuda:0
Testing complete in 2m 33s [Run: 2/3]
Accuracy of the network on the 2482 test images: 73.6503 %
Accuracy of ADVE : 92.3077 %
Accuracy of Email : 94.9900 %
Accuracy of Form : 82.1752 %
Accuracy of Letter : 65.7388 %
Accuracy of Memo : 55.5769 %
Accuracy of News : 93.1818 %
Accuracy of Note : 81.1881 %
Accuracy of Report : 73.9394 %
Accuracy of Resume : 80.0000 %
Accuracy of Scientific : 39.7516 %

Creating new dataset with seed: 1339 at: datasets/Tobacco_test/2/
Removed dir datasets/Tobacco_test/2/test
Removed dir datasets/Tobacco_test/2/train
Removed dir datasets/Tobacco_test/2/val
Tobacco random state: 1339
Done copying train to datasets/Tobacco_test/2/
Done copying val to datasets/Tobacco_test/2/
Done copying test to datasets/Tobacco_test/2/
Initializing rectangular Datasets and Dataloaders...
Target resolution: (480, 640)
Loading dataset from path datasets/Tobacco_test/2/
Params to learn:
	 conv1.weight
	 bn1.weight
	 bn1.bias
	 layer1.0.conv1.weight
	 layer1.0.bn1.weight
	 layer1.0.bn1.bias
	 layer1.0.conv2.weight
	 layer1.0.bn2.weight
	 layer1.0.bn2.bias
	 layer1.1.conv1.weight
	 layer1.1.bn1.weight
	 layer1.1.bn1.bias
	 layer1.1.conv2.weight
	 layer1.1.bn2.weight
	 layer1.1.bn2.bias
	 layer2.0.conv1.weight
	 layer2.0.bn1.weight
	 layer2.0.bn1.bias
	 layer2.0.conv2.weight
	 layer2.0.bn2.weight
	 layer2.0.bn2.bias
	 layer2.0.downsample.0.weight
	 layer2.0.downsample.1.weight
	 layer2.0.downsample.1.bias
	 layer2.1.conv1.weight
	 layer2.1.bn1.weight
	 layer2.1.bn1.bias
	 layer2.1.conv2.weight
	 layer2.1.bn2.weight
	 layer2.1.bn2.bias
	 layer3.0.conv1.weight
	 layer3.0.bn1.weight
	 layer3.0.bn1.bias
	 layer3.0.conv2.weight
	 layer3.0.bn2.weight
	 layer3.0.bn2.bias
	 layer3.0.downsample.0.weight
	 layer3.0.downsample.1.weight
	 layer3.0.downsample.1.bias
	 layer3.1.conv1.weight
	 layer3.1.bn1.weight
	 layer3.1.bn1.bias
	 layer3.1.conv2.weight
	 layer3.1.bn2.weight
	 layer3.1.bn2.bias
	 layer4.0.conv1.weight
	 layer4.0.bn1.weight
	 layer4.0.bn1.bias
	 layer4.0.conv2.weight
	 layer4.0.bn2.weight
	 layer4.0.bn2.bias
	 layer4.0.downsample.0.weight
	 layer4.0.downsample.1.weight
	 layer4.0.downsample.1.bias
	 layer4.1.conv1.weight
	 layer4.1.bn1.weight
	 layer4.1.bn1.bias
	 layer4.1.conv2.weight
	 layer4.1.bn2.weight
	 layer4.1.bn2.bias
	 fc.1.weight
	 fc.1.bias
	 fc.4.weight
	 fc.4.bias
Using learning rate 0.0001 and weight decay 0.1
Training on device: cuda:0
Epoch 0/99 [Duration: 0m 0s] [Run: 3/3]
----------
train Loss: 5.1665 Acc: 0.3013
val Loss: 1.4392 Acc: 0.5500
Best val Acc: 0.550000 in Epoch: 0

Epoch 1/99 [Duration: 0m 18s] [Run: 3/3]
----------
train Loss: 1.3590 Acc: 0.5438
val Loss: 1.2189 Acc: 0.6100
Best val Acc: 0.610000 in Epoch: 1

Epoch 2/99 [Duration: 0m 37s] [Run: 3/3]
----------
train Loss: 1.3685 Acc: 0.5425
val Loss: 0.9919 Acc: 0.6550
Best val Acc: 0.655000 in Epoch: 2

Epoch 3/99 [Duration: 0m 55s] [Run: 3/3]
----------
train Loss: 1.2028 Acc: 0.5963
val Loss: 1.2059 Acc: 0.6100
Best val Acc: 0.655000 in Epoch: 2

Epoch 4/99 [Duration: 1m 14s] [Run: 3/3]
----------
train Loss: 1.0361 Acc: 0.6438
val Loss: 1.1399 Acc: 0.6000
Best val Acc: 0.655000 in Epoch: 2

Epoch 5/99 [Duration: 1m 32s] [Run: 3/3]
----------
train Loss: 0.9189 Acc: 0.6700
val Loss: 0.9214 Acc: 0.6950
Best val Acc: 0.695000 in Epoch: 5

Epoch 6/99 [Duration: 1m 50s] [Run: 3/3]
----------
train Loss: 0.9070 Acc: 0.6850
val Loss: 0.9861 Acc: 0.7050
Best val Acc: 0.705000 in Epoch: 6

Epoch 7/99 [Duration: 2m 9s] [Run: 3/3]
----------
train Loss: 0.9401 Acc: 0.6825
val Loss: 1.0853 Acc: 0.6250
Best val Acc: 0.705000 in Epoch: 6

Epoch 8/99 [Duration: 2m 27s] [Run: 3/3]
----------
train Loss: 0.8693 Acc: 0.7137
val Loss: 0.7839 Acc: 0.7300
Best val Acc: 0.730000 in Epoch: 8

Epoch 9/99 [Duration: 2m 45s] [Run: 3/3]
----------
train Loss: 0.9593 Acc: 0.6787
val Loss: 0.8785 Acc: 0.7150
Best val Acc: 0.730000 in Epoch: 8

Epoch 10/99 [Duration: 3m 3s] [Run: 3/3]
----------
train Loss: 0.8744 Acc: 0.7163
val Loss: 0.9824 Acc: 0.6700
Best val Acc: 0.730000 in Epoch: 8

Epoch 11/99 [Duration: 3m 21s] [Run: 3/3]
----------
train Loss: 0.8689 Acc: 0.7225
val Loss: 1.0156 Acc: 0.6650
Best val Acc: 0.730000 in Epoch: 8

Epoch 12/99 [Duration: 3m 40s] [Run: 3/3]
----------
train Loss: 0.8831 Acc: 0.6987
val Loss: 1.3319 Acc: 0.6400
Best val Acc: 0.730000 in Epoch: 8

Epoch 13/99 [Duration: 3m 58s] [Run: 3/3]
----------
train Loss: 0.9047 Acc: 0.6975
val Loss: 0.7646 Acc: 0.7450
Best val Acc: 0.745000 in Epoch: 13

Epoch 14/99 [Duration: 4m 16s] [Run: 3/3]
----------
train Loss: 0.8316 Acc: 0.7325
val Loss: 0.8152 Acc: 0.7500
Best val Acc: 0.750000 in Epoch: 14

Epoch 15/99 [Duration: 4m 35s] [Run: 3/3]
----------
train Loss: 0.8144 Acc: 0.7325
val Loss: 0.9605 Acc: 0.7050
Best val Acc: 0.750000 in Epoch: 14

Epoch 16/99 [Duration: 4m 53s] [Run: 3/3]
----------
train Loss: 0.8860 Acc: 0.7325
val Loss: 0.8325 Acc: 0.7400
Best val Acc: 0.750000 in Epoch: 14

Epoch 17/99 [Duration: 5m 11s] [Run: 3/3]
----------
train Loss: 0.8801 Acc: 0.7263
val Loss: 0.7835 Acc: 0.7150
Best val Acc: 0.750000 in Epoch: 14

Epoch 18/99 [Duration: 5m 29s] [Run: 3/3]
----------
train Loss: 0.8391 Acc: 0.7150
val Loss: 1.0858 Acc: 0.6700
Best val Acc: 0.750000 in Epoch: 14

Epoch 19/99 [Duration: 5m 47s] [Run: 3/3]
----------
train Loss: 0.9827 Acc: 0.6663
val Loss: 0.8730 Acc: 0.7250
Best val Acc: 0.750000 in Epoch: 14

Epoch 20/99 [Duration: 6m 5s] [Run: 3/3]
----------
train Loss: 0.7899 Acc: 0.7438
val Loss: 0.9691 Acc: 0.6500
Best val Acc: 0.750000 in Epoch: 14

Epoch 21/99 [Duration: 6m 23s] [Run: 3/3]
----------
train Loss: 0.9376 Acc: 0.6913
val Loss: 0.9441 Acc: 0.6950
Best val Acc: 0.750000 in Epoch: 14

Epoch 22/99 [Duration: 6m 41s] [Run: 3/3]
----------
train Loss: 0.8829 Acc: 0.6975
val Loss: 1.0094 Acc: 0.7050
Best val Acc: 0.750000 in Epoch: 14

Epoch 23/99 [Duration: 6m 60s] [Run: 3/3]
----------
train Loss: 0.8497 Acc: 0.7125
val Loss: 0.9238 Acc: 0.6900
Best val Acc: 0.750000 in Epoch: 14

Epoch 24/99 [Duration: 7m 18s] [Run: 3/3]
----------
train Loss: 0.8609 Acc: 0.7188
val Loss: 1.0491 Acc: 0.6950
Best val Acc: 0.750000 in Epoch: 14

Epoch 25/99 [Duration: 7m 36s] [Run: 3/3]
----------
train Loss: 0.8451 Acc: 0.7213
val Loss: 0.7529 Acc: 0.7500
Best val Acc: 0.750000 in Epoch: 14

Epoch 26/99 [Duration: 7m 54s] [Run: 3/3]
----------
train Loss: 0.9195 Acc: 0.6937
val Loss: 0.8037 Acc: 0.7300
Best val Acc: 0.750000 in Epoch: 14

Epoch 27/99 [Duration: 8m 12s] [Run: 3/3]
----------
train Loss: 0.9040 Acc: 0.6963
val Loss: 0.8910 Acc: 0.6700
Best val Acc: 0.750000 in Epoch: 14

Epoch 28/99 [Duration: 8m 30s] [Run: 3/3]
----------
train Loss: 0.8943 Acc: 0.6950
val Loss: 1.0041 Acc: 0.6900
Best val Acc: 0.750000 in Epoch: 14

Epoch 29/99 [Duration: 8m 48s] [Run: 3/3]
----------
train Loss: 0.8283 Acc: 0.7275
val Loss: 0.9564 Acc: 0.6850
Best val Acc: 0.750000 in Epoch: 14

Epoch 30/99 [Duration: 9m 6s] [Run: 3/3]
----------
train Loss: 0.9060 Acc: 0.6850
val Loss: 0.7986 Acc: 0.7550
Best val Acc: 0.755000 in Epoch: 30

Epoch 31/99 [Duration: 9m 25s] [Run: 3/3]
----------
train Loss: 0.7967 Acc: 0.7325
val Loss: 0.6952 Acc: 0.7650
Best val Acc: 0.765000 in Epoch: 31

Epoch 32/99 [Duration: 9m 43s] [Run: 3/3]
----------
train Loss: 0.8419 Acc: 0.7313
val Loss: 0.9302 Acc: 0.6750
Best val Acc: 0.765000 in Epoch: 31

Epoch 33/99 [Duration: 10m 1s] [Run: 3/3]
----------
train Loss: 0.8374 Acc: 0.7150
val Loss: 0.8287 Acc: 0.7150
Best val Acc: 0.765000 in Epoch: 31

Epoch 34/99 [Duration: 10m 19s] [Run: 3/3]
----------
train Loss: 0.8524 Acc: 0.7025
val Loss: 0.8960 Acc: 0.6850
Best val Acc: 0.765000 in Epoch: 31

Epoch 35/99 [Duration: 10m 37s] [Run: 3/3]
----------
train Loss: 0.8172 Acc: 0.7325
val Loss: 0.8801 Acc: 0.7050
Best val Acc: 0.765000 in Epoch: 31

Epoch 36/99 [Duration: 10m 56s] [Run: 3/3]
----------
train Loss: 0.9544 Acc: 0.6863
val Loss: 0.9494 Acc: 0.6800
Best val Acc: 0.765000 in Epoch: 31

Epoch 37/99 [Duration: 11m 14s] [Run: 3/3]
----------
train Loss: 0.8443 Acc: 0.7188
val Loss: 0.9506 Acc: 0.6700
Best val Acc: 0.765000 in Epoch: 31

Epoch 38/99 [Duration: 11m 32s] [Run: 3/3]
----------
train Loss: 0.8715 Acc: 0.7125
val Loss: 0.8981 Acc: 0.7100
Best val Acc: 0.765000 in Epoch: 31

Epoch 39/99 [Duration: 11m 51s] [Run: 3/3]
----------
train Loss: 0.7919 Acc: 0.7462
val Loss: 1.2677 Acc: 0.6500
Best val Acc: 0.765000 in Epoch: 31

Epoch 40/99 [Duration: 12m 8s] [Run: 3/3]
----------
train Loss: 0.9139 Acc: 0.7013
val Loss: 0.7524 Acc: 0.7250
Best val Acc: 0.765000 in Epoch: 31

Epoch 41/99 [Duration: 12m 26s] [Run: 3/3]
----------
train Loss: 0.8982 Acc: 0.7025
val Loss: 1.1035 Acc: 0.6500
Best val Acc: 0.765000 in Epoch: 31

Epoch 42/99 [Duration: 12m 45s] [Run: 3/3]
----------
train Loss: 0.9613 Acc: 0.6750
val Loss: 1.1924 Acc: 0.5850
Best val Acc: 0.765000 in Epoch: 31

Epoch 43/99 [Duration: 13m 3s] [Run: 3/3]
----------
train Loss: 0.8343 Acc: 0.7025
val Loss: 0.9131 Acc: 0.6750
Best val Acc: 0.765000 in Epoch: 31

Epoch 44/99 [Duration: 13m 21s] [Run: 3/3]
----------
train Loss: 0.8101 Acc: 0.7325
val Loss: 0.9462 Acc: 0.6550
Best val Acc: 0.765000 in Epoch: 31

Epoch 45/99 [Duration: 13m 39s] [Run: 3/3]
----------
train Loss: 0.8557 Acc: 0.7125
val Loss: 1.0644 Acc: 0.6200
Best val Acc: 0.765000 in Epoch: 31

Epoch 46/99 [Duration: 13m 57s] [Run: 3/3]
----------
train Loss: 0.8822 Acc: 0.7063
val Loss: 1.1361 Acc: 0.5650
Best val Acc: 0.765000 in Epoch: 31

Epoch 47/99 [Duration: 14m 16s] [Run: 3/3]
----------
train Loss: 0.8049 Acc: 0.7400
val Loss: 0.8787 Acc: 0.7100
Best val Acc: 0.765000 in Epoch: 31

Epoch 48/99 [Duration: 14m 34s] [Run: 3/3]
----------
train Loss: 0.7322 Acc: 0.7675
val Loss: 0.7370 Acc: 0.7450
Best val Acc: 0.765000 in Epoch: 31

Epoch 49/99 [Duration: 14m 52s] [Run: 3/3]
----------
train Loss: 0.8745 Acc: 0.7188
val Loss: 1.1278 Acc: 0.6500
Best val Acc: 0.765000 in Epoch: 31

Epoch 50/99 [Duration: 15m 10s] [Run: 3/3]
----------
train Loss: 0.8799 Acc: 0.7137
val Loss: 0.7779 Acc: 0.7100
Best val Acc: 0.765000 in Epoch: 31

Epoch 51/99 [Duration: 15m 28s] [Run: 3/3]
----------
train Loss: 0.7807 Acc: 0.7375
val Loss: 1.1229 Acc: 0.6100
Best val Acc: 0.765000 in Epoch: 31

Epoch 52/99 [Duration: 15m 47s] [Run: 3/3]
----------
train Loss: 0.8120 Acc: 0.7225
val Loss: 1.0525 Acc: 0.6800
Best val Acc: 0.765000 in Epoch: 31

Epoch 53/99 [Duration: 16m 5s] [Run: 3/3]
----------
train Loss: 0.8875 Acc: 0.7238
val Loss: 0.8328 Acc: 0.7100
Best val Acc: 0.765000 in Epoch: 31

Epoch 54/99 [Duration: 16m 23s] [Run: 3/3]
----------
train Loss: 0.8307 Acc: 0.7350
val Loss: 0.6944 Acc: 0.7700
Best val Acc: 0.770000 in Epoch: 54

Epoch 55/99 [Duration: 16m 41s] [Run: 3/3]
----------
train Loss: 0.7672 Acc: 0.7350
val Loss: 1.2676 Acc: 0.6450
Best val Acc: 0.770000 in Epoch: 54

Epoch 56/99 [Duration: 16m 59s] [Run: 3/3]
----------
train Loss: 0.7626 Acc: 0.7425
val Loss: 1.0531 Acc: 0.6950
Best val Acc: 0.770000 in Epoch: 54

Epoch 57/99 [Duration: 17m 17s] [Run: 3/3]
----------
train Loss: 0.7687 Acc: 0.7538
val Loss: 1.3877 Acc: 0.5900
Best val Acc: 0.770000 in Epoch: 54

Epoch 58/99 [Duration: 17m 35s] [Run: 3/3]
----------
train Loss: 0.7875 Acc: 0.7512
val Loss: 0.9216 Acc: 0.7200
Best val Acc: 0.770000 in Epoch: 54

Epoch 59/99 [Duration: 17m 54s] [Run: 3/3]
----------
train Loss: 0.7801 Acc: 0.7450
val Loss: 1.2095 Acc: 0.6850
Best val Acc: 0.770000 in Epoch: 54

Epoch 60/99 [Duration: 18m 12s] [Run: 3/3]
----------
train Loss: 0.7903 Acc: 0.7450
val Loss: 0.7111 Acc: 0.7400
Best val Acc: 0.770000 in Epoch: 54

Epoch 61/99 [Duration: 18m 30s] [Run: 3/3]
----------
train Loss: 0.7072 Acc: 0.7762
val Loss: 0.8998 Acc: 0.7100
Best val Acc: 0.770000 in Epoch: 54

Epoch 62/99 [Duration: 18m 48s] [Run: 3/3]
----------
train Loss: 0.7812 Acc: 0.7450
val Loss: 1.1430 Acc: 0.6450
Best val Acc: 0.770000 in Epoch: 54

Epoch 63/99 [Duration: 19m 6s] [Run: 3/3]
----------
train Loss: 0.6988 Acc: 0.7712
val Loss: 0.7238 Acc: 0.7350
Best val Acc: 0.770000 in Epoch: 54

Epoch 64/99 [Duration: 19m 24s] [Run: 3/3]
----------
train Loss: 0.7671 Acc: 0.7438
val Loss: 0.9408 Acc: 0.6850
Best val Acc: 0.770000 in Epoch: 54

Epoch 65/99 [Duration: 19m 42s] [Run: 3/3]
----------
train Loss: 0.7273 Acc: 0.7575
val Loss: 0.7865 Acc: 0.7450
Best val Acc: 0.770000 in Epoch: 54

Epoch 66/99 [Duration: 20m 1s] [Run: 3/3]
----------
train Loss: 0.8027 Acc: 0.7250
val Loss: 0.8714 Acc: 0.7050
Best val Acc: 0.770000 in Epoch: 54

Epoch 67/99 [Duration: 20m 19s] [Run: 3/3]
----------
train Loss: 0.7438 Acc: 0.7438
val Loss: 1.0868 Acc: 0.6150
Best val Acc: 0.770000 in Epoch: 54

Epoch 68/99 [Duration: 20m 37s] [Run: 3/3]
----------
train Loss: 0.8310 Acc: 0.7313
val Loss: 1.0724 Acc: 0.6450
Best val Acc: 0.770000 in Epoch: 54

Epoch 69/99 [Duration: 20m 55s] [Run: 3/3]
----------
train Loss: 0.7851 Acc: 0.7438
val Loss: 0.7635 Acc: 0.7600
Best val Acc: 0.770000 in Epoch: 54

Epoch 70/99 [Duration: 21m 13s] [Run: 3/3]
----------
train Loss: 0.7774 Acc: 0.7500
val Loss: 1.1573 Acc: 0.6550
Best val Acc: 0.770000 in Epoch: 54

Epoch 71/99 [Duration: 21m 31s] [Run: 3/3]
----------
train Loss: 0.8056 Acc: 0.7350
val Loss: 1.1858 Acc: 0.6700
Best val Acc: 0.770000 in Epoch: 54

Epoch 72/99 [Duration: 21m 50s] [Run: 3/3]
----------
train Loss: 0.7487 Acc: 0.7550
val Loss: 0.7395 Acc: 0.7450
Best val Acc: 0.770000 in Epoch: 54

Epoch 73/99 [Duration: 22m 7s] [Run: 3/3]
----------
train Loss: 0.7469 Acc: 0.7475
val Loss: 0.7239 Acc: 0.7450
Best val Acc: 0.770000 in Epoch: 54

Epoch 74/99 [Duration: 22m 26s] [Run: 3/3]
----------
train Loss: 0.7800 Acc: 0.7263
val Loss: 0.7817 Acc: 0.7500
Best val Acc: 0.770000 in Epoch: 54

Epoch 75/99 [Duration: 22m 44s] [Run: 3/3]
----------
train Loss: 0.7444 Acc: 0.7525
val Loss: 0.8899 Acc: 0.7200
Best val Acc: 0.770000 in Epoch: 54

Epoch 76/99 [Duration: 23m 2s] [Run: 3/3]
----------
train Loss: 0.7528 Acc: 0.7612
val Loss: 0.6411 Acc: 0.8050
Best val Acc: 0.805000 in Epoch: 76

Epoch 77/99 [Duration: 23m 20s] [Run: 3/3]
----------
train Loss: 0.7718 Acc: 0.7525
val Loss: 0.9031 Acc: 0.7150
Best val Acc: 0.805000 in Epoch: 76

Epoch 78/99 [Duration: 23m 38s] [Run: 3/3]
----------
train Loss: 0.7284 Acc: 0.7475
val Loss: 0.7772 Acc: 0.7600
Best val Acc: 0.805000 in Epoch: 76

Epoch 79/99 [Duration: 23m 57s] [Run: 3/3]
----------
train Loss: 0.7398 Acc: 0.7512
val Loss: 1.0491 Acc: 0.6700
Best val Acc: 0.805000 in Epoch: 76

Epoch 80/99 [Duration: 24m 15s] [Run: 3/3]
----------
train Loss: 0.7972 Acc: 0.7462
val Loss: 0.8531 Acc: 0.7300
Best val Acc: 0.805000 in Epoch: 76

Epoch 81/99 [Duration: 24m 33s] [Run: 3/3]
----------
train Loss: 0.6682 Acc: 0.7788
val Loss: 0.9070 Acc: 0.7300
Best val Acc: 0.805000 in Epoch: 76

Epoch 82/99 [Duration: 24m 51s] [Run: 3/3]
----------
train Loss: 0.7326 Acc: 0.7612
val Loss: 0.6838 Acc: 0.7700
Best val Acc: 0.805000 in Epoch: 76

Epoch 83/99 [Duration: 25m 9s] [Run: 3/3]
----------
train Loss: 0.6544 Acc: 0.7925
val Loss: 0.9217 Acc: 0.6800
Best val Acc: 0.805000 in Epoch: 76

Epoch 84/99 [Duration: 25m 27s] [Run: 3/3]
----------
train Loss: 0.6614 Acc: 0.7838
val Loss: 1.3615 Acc: 0.6350
Best val Acc: 0.805000 in Epoch: 76

Epoch 85/99 [Duration: 25m 45s] [Run: 3/3]
----------
train Loss: 0.6819 Acc: 0.7800
val Loss: 0.7591 Acc: 0.7650
Best val Acc: 0.805000 in Epoch: 76

Epoch 86/99 [Duration: 26m 4s] [Run: 3/3]
----------
train Loss: 0.7010 Acc: 0.7625
val Loss: 0.9714 Acc: 0.6550
Best val Acc: 0.805000 in Epoch: 76

Epoch 87/99 [Duration: 26m 22s] [Run: 3/3]
----------
train Loss: 0.6628 Acc: 0.7800
val Loss: 1.0504 Acc: 0.7050
Best val Acc: 0.805000 in Epoch: 76

Epoch 88/99 [Duration: 26m 40s] [Run: 3/3]
----------
train Loss: 0.7107 Acc: 0.7638
val Loss: 0.7875 Acc: 0.7400
Best val Acc: 0.805000 in Epoch: 76

Epoch 89/99 [Duration: 26m 58s] [Run: 3/3]
----------
train Loss: 0.7265 Acc: 0.7588
val Loss: 1.0662 Acc: 0.6500
Best val Acc: 0.805000 in Epoch: 76

Epoch 90/99 [Duration: 27m 16s] [Run: 3/3]
----------
train Loss: 0.6517 Acc: 0.7875
val Loss: 0.6730 Acc: 0.7450
Best val Acc: 0.805000 in Epoch: 76

Epoch 91/99 [Duration: 27m 34s] [Run: 3/3]
----------
train Loss: 0.6336 Acc: 0.8013
val Loss: 0.7538 Acc: 0.7650
Best val Acc: 0.805000 in Epoch: 76

Epoch 92/99 [Duration: 27m 52s] [Run: 3/3]
----------
train Loss: 0.6453 Acc: 0.7775
val Loss: 0.7112 Acc: 0.7500
Best val Acc: 0.805000 in Epoch: 76

Epoch 93/99 [Duration: 28m 11s] [Run: 3/3]
----------
train Loss: 0.6218 Acc: 0.7863
val Loss: 0.9196 Acc: 0.7400
Best val Acc: 0.805000 in Epoch: 76

Epoch 94/99 [Duration: 28m 29s] [Run: 3/3]
----------
train Loss: 0.6533 Acc: 0.7812
val Loss: 0.7842 Acc: 0.7600
Best val Acc: 0.805000 in Epoch: 76

Epoch 95/99 [Duration: 28m 46s] [Run: 3/3]
----------
train Loss: 0.6808 Acc: 0.7762
val Loss: 1.0553 Acc: 0.6450
Best val Acc: 0.805000 in Epoch: 76

Epoch 96/99 [Duration: 29m 5s] [Run: 3/3]
----------
train Loss: 0.7185 Acc: 0.7662
val Loss: 0.7611 Acc: 0.7650
Best val Acc: 0.805000 in Epoch: 76

Epoch 97/99 [Duration: 29m 23s] [Run: 3/3]
----------
train Loss: 0.6619 Acc: 0.7788
val Loss: 0.7515 Acc: 0.7400
Best val Acc: 0.805000 in Epoch: 76

Epoch 98/99 [Duration: 29m 41s] [Run: 3/3]
----------
train Loss: 0.6620 Acc: 0.7825
val Loss: 0.8228 Acc: 0.7300
Best val Acc: 0.805000 in Epoch: 76

Epoch 99/99 [Duration: 29m 59s] [Run: 3/3]
----------
train Loss: 0.6289 Acc: 0.7925
val Loss: 1.1761 Acc: 0.6550
Best val Acc: 0.805000 in Epoch: 76

Training complete in 30m 17s
Best val Acc: 0.805000 in Epoch: 76
Testing on device: cuda:0
Testing complete in 2m 33s [Run: 3/3]
Accuracy of the network on the 2482 test images: 71.8372 %
Accuracy of ADVE : 82.3077 %
Accuracy of Email : 89.1784 %
Accuracy of Form : 77.9456 %
Accuracy of Letter : 67.8801 %
Accuracy of Memo : 58.6538 %
Accuracy of News : 95.4545 %
Accuracy of Note : 80.1980 %
Accuracy of Report : 58.1818 %
Accuracy of Resume : 80.0000 %
Accuracy of Scientific : 45.9627 %


Testing done! Calculating results...
resnet:
Accuracy of the network on the 2482 test images: 76.7526 %
Accuracy of ADVE : 85.3846 %
Accuracy of Email : 94.1884 %
Accuracy of Form : 88.2175 %
Accuracy of Letter : 74.3041 %
Accuracy of Memo : 72.8846 %
Accuracy of News : 95.4545 %
Accuracy of Note : 78.2178 %
Accuracy of Report : 27.2727 %
Accuracy of Resume : 65.0000 %
Accuracy of Scientific : 52.7950 %

resnet:
Accuracy of the network on the 2482 test images: 73.6503 %
Accuracy of ADVE : 92.3077 %
Accuracy of Email : 94.9900 %
Accuracy of Form : 82.1752 %
Accuracy of Letter : 65.7388 %
Accuracy of Memo : 55.5769 %
Accuracy of News : 93.1818 %
Accuracy of Note : 81.1881 %
Accuracy of Report : 73.9394 %
Accuracy of Resume : 80.0000 %
Accuracy of Scientific : 39.7516 %

resnet:
Accuracy of the network on the 2482 test images: 71.8372 %
Accuracy of ADVE : 82.3077 %
Accuracy of Email : 89.1784 %
Accuracy of Form : 77.9456 %
Accuracy of Letter : 67.8801 %
Accuracy of Memo : 58.6538 %
Accuracy of News : 95.4545 %
Accuracy of Note : 80.1980 %
Accuracy of Report : 58.1818 %
Accuracy of Resume : 80.0000 %
Accuracy of Scientific : 45.9627 %



Average accuracy on 7446 test images in 3 number of runs: 74.0800 %
Total correct: 5516, Total number of images: 7446
Total runtime: 98m 33s
